;  LST file generated by mikroListExporter - v.2.0 
; Date/Time: 20/03/2023 10:46:52 p. m.
;----------------------------------------------

;Address Opcode 	ASM
0x0000	0xF003EFFF  	GOTO        2046
_interrupt:
;Comunicacion_Micro.c,139 :: 		void interrupt(){
0x0008	0xF016C000  	MOVFF       R0, 22
0x000C	0xF015C001  	MOVFF       R1, 21
;Comunicacion_Micro.c,140 :: 		if (RCIF_bit){                    //Verifica Si Existe Interrupcion en Puerto Serial
0x0010	0xF019CFE1  	MOVFF       FSR1L, 25
0x0014	0xF01ACFE2  	MOVFF       FSR1H, 26
0x0018	0xF017CFE9  	MOVFF       FSR0L, 23
0x001C	0xF018CFEA  	MOVFF       FSR0H, 24
0x0020	0xAA9E      	BTFSS       RCIF_bit, BitPos(RCIF_bit+0) 
0x0022	0xD028      	BRA         L_interrupt20
;Comunicacion_Micro.c,141 :: 		Cadena[i]=UART1_read();        //Lee un Dato Dato de Puerto Seria y Guarda en Posicion i
0x0024	0x0E57      	MOVLW       _Cadena
0x0026	0x0100      	MOVLB       0
0x0028	0x2568      	ADDWF       _i, 0, 1
0x002A	0x6F99      	MOVWF       FLOC__interrupt, 1
0x002C	0x0E00      	MOVLW       hi_addr(_Cadena)
0x002E	0x2169      	ADDWFC      _i+1, 0, 1
0x0030	0x6F9A      	MOVWF       FLOC__interrupt+1, 1
0x0032	0xDA86      	RCALL       _UART1_Read
0x0034	0xFFE1C099  	MOVFF       FLOC__interrupt, FSR1L
0x0038	0xFFE2C09A  	MOVFF       FLOC__interrupt+1, FSR1H
0x003C	0xFFE6C000  	MOVFF       R0, POSTINC1
;Comunicacion_Micro.c,142 :: 		i++;                           //Aumenta Poscion de la Cadena
0x0040	0x0100      	MOVLB       0
0x0042	0x4B68      	INFSNZ      _i, 1, 1
0x0044	0x2B69      	INCF        _i+1, 1, 1
;Comunicacion_Micro.c,143 :: 		if(Cadena[i-1]=='#'){          //Verifica si se Recibio el Indicador de Final de Mensaje
0x0046	0x0E01      	MOVLW       1
0x0048	0x5D68      	SUBWF       _i, 0, 1
0x004A	0x6E00      	MOVWF       R0 
0x004C	0x0E00      	MOVLW       0
0x004E	0x5969      	SUBWFB      _i+1, 0, 1
0x0050	0x6E01      	MOVWF       R1 
0x0052	0x0E57      	MOVLW       _Cadena
0x0054	0x2400      	ADDWF       R0, 0 
0x0056	0x6EE9      	MOVWF       FSR0L 
0x0058	0x0E00      	MOVLW       hi_addr(_Cadena)
0x005A	0x2001      	ADDWFC      R1, 0 
0x005C	0x6EEA      	MOVWF       FSR0H 
0x005E	0x50EE      	MOVF        POSTINC0, 0 
0x0060	0x0A23      	XORLW       35
0x0062	0xE107      	BNZ         L_interrupt21
;Comunicacion_Micro.c,144 :: 		i=0;                         //Reincia Contador i
0x0064	0x6B68      	CLRF        _i, 1
0x0066	0x6B69      	CLRF        _i+1, 1
;Comunicacion_Micro.c,145 :: 		j=1;
0x0068	0x0E01      	MOVLW       1
0x006A	0x6F61      	MOVWF       _j, 1
0x006C	0x0E00      	MOVLW       0
0x006E	0x6F62      	MOVWF       _j+1, 1
;Comunicacion_Micro.c,146 :: 		LEDs();
0x0070	0xDA30      	RCALL       _LEDs
;Comunicacion_Micro.c,147 :: 		}
L_interrupt21:
;Comunicacion_Micro.c,148 :: 		RCIF_bit=0;                    //Apaga la Bandera de Interrupcion por Puerto Serie
0x0072	0x9A9E      	BCF         RCIF_bit, BitPos(RCIF_bit+0) 
;Comunicacion_Micro.c,149 :: 		}
L_interrupt20:
;Comunicacion_Micro.c,151 :: 		if(INTCON.TMR0IF){                //Verifica Si Existe Interrupcion en Timer0
0x0074	0xA4F2      	BTFSS       INTCON, 2 
0x0076	0xD00D      	BRA         L_interrupt22
;Comunicacion_Micro.c,152 :: 		CT0--;
0x0078	0x0651      	DECF        _CT0, 1 
;Comunicacion_Micro.c,153 :: 		if(CT0==0){
0x007A	0x5051      	MOVF        _CT0, 0 
0x007C	0x0A00      	XORLW       0
0x007E	0xE104      	BNZ         L_interrupt23
;Comunicacion_Micro.c,154 :: 		Timer=1;
0x0080	0x0E01      	MOVLW       1
0x0082	0x6E4F      	MOVWF       _Timer 
;Comunicacion_Micro.c,155 :: 		CT0=2;
0x0084	0x0E02      	MOVLW       2
0x0086	0x6E51      	MOVWF       _CT0 
;Comunicacion_Micro.c,156 :: 		}
L_interrupt23:
;Comunicacion_Micro.c,157 :: 		TMR0L=0x2B;
0x0088	0x0E2B      	MOVLW       43
0x008A	0x6ED6      	MOVWF       TMR0L 
;Comunicacion_Micro.c,158 :: 		TMR0H=0xCF;
0x008C	0x0ECF      	MOVLW       207
0x008E	0x6ED7      	MOVWF       TMR0H 
;Comunicacion_Micro.c,159 :: 		INTCON.TMR0IF=0;                //Apaga la Bander de Interrupcion por Timer0
0x0090	0x94F2      	BCF         INTCON, 2 
;Comunicacion_Micro.c,160 :: 		}
L_interrupt22:
;Comunicacion_Micro.c,161 :: 		}
L_end_interrupt:
L__interrupt51:
0x0092	0xF000C016  	MOVFF       22, R0
0x0096	0xF001C015  	MOVFF       21, R1
0x009A	0xFFE9C017  	MOVFF       23, FSR0L
0x009E	0xFFEAC018  	MOVFF       24, FSR0H
0x00A2	0xFFE1C019  	MOVFF       25, FSR1L
0x00A6	0xFFE2C01A  	MOVFF       26, FSR1H
0x00AA	0x0011      	RETFIE      1
; end of _interrupt
_Div_16X16_U:
;__Lib_Math.c,102 :: 		
;__Lib_Math.c,109 :: 		
0x00AC	0x6A08      	CLRF        R8, 0
;__Lib_Math.c,110 :: 		
0x00AE	0x6A09      	CLRF        R9, 0
;__Lib_Math.c,111 :: 		
0x00B0	0x0E10      	MOVLW       16
;__Lib_Math.c,112 :: 		
0x00B2	0x6E0C      	MOVWF       R12, 0
;__Lib_Math.c,113 :: 		
0x00B4	0x3401      	RLCF        R1, 0, 0
;__Lib_Math.c,114 :: 		
0x00B6	0x3608      	RLCF        R8, 1, 0
;__Lib_Math.c,115 :: 		
0x00B8	0x3609      	RLCF        R9, 1, 0
;__Lib_Math.c,116 :: 		
0x00BA	0x5004      	MOVF        R4, 0, 0
;__Lib_Math.c,117 :: 		
0x00BC	0x5E08      	SUBWF       R8, 1, 0
;__Lib_Math.c,118 :: 		
0x00BE	0x5005      	MOVF        R5, 0, 0
;__Lib_Math.c,119 :: 		
0x00C0	0xA0D8      	BTFSS       STATUS, 0, 0
;__Lib_Math.c,120 :: 		
0x00C2	0x3C05      	INCFSZ      R5, 0, 0
;__Lib_Math.c,121 :: 		
0x00C4	0x5E09      	SUBWF       R9, 1, 0
;__Lib_Math.c,122 :: 		
0x00C6	0xB0D8      	BTFSC       STATUS, 0, 0
;__Lib_Math.c,123 :: 		
0x00C8	0xD007      	BRA         $+16
;__Lib_Math.c,124 :: 		
0x00CA	0x5004      	MOVF        R4, 0, 0
;__Lib_Math.c,125 :: 		
0x00CC	0x2608      	ADDWF       R8, 1, 0
;__Lib_Math.c,126 :: 		
0x00CE	0x5005      	MOVF        R5, 0, 0
;__Lib_Math.c,127 :: 		
0x00D0	0xB0D8      	BTFSC       STATUS, 0, 0
;__Lib_Math.c,128 :: 		
0x00D2	0x3C05      	INCFSZ      R5, 0, 0
;__Lib_Math.c,129 :: 		
0x00D4	0x2609      	ADDWF       R9, 1, 0
;__Lib_Math.c,130 :: 		
0x00D6	0x90D8      	BCF         STATUS, 0, 0
;__Lib_Math.c,131 :: 		
0x00D8	0x3600      	RLCF        R0, 1, 0
;__Lib_Math.c,132 :: 		
0x00DA	0x3601      	RLCF        R1, 1, 0
;__Lib_Math.c,133 :: 		
0x00DC	0x2E0C      	DECFSZ      R12, 1, 0
;__Lib_Math.c,134 :: 		
0x00DE	0xD7EA      	BRA         $-42
;__Lib_Math.c,136 :: 		
L_end_Div_16X16_U:
0x00E0	0x0012      	RETURN      0
; end of _Div_16X16_U
_isdigit:
;__Lib_CType.c,23 :: 		
;__Lib_CType.c,24 :: 		
0x00E2	0x0100      	MOVLB       0
0x00E4	0x5192      	MOVF        FARG_isdigit_character, 0, 1
0x00E6	0x0839      	SUBLW       57
0x00E8	0xE306      	BNC         L_isdigit9
0x00EA	0x0E30      	MOVLW       48
0x00EC	0x5D92      	SUBWF       FARG_isdigit_character, 0, 1
0x00EE	0xE303      	BNC         L_isdigit9
0x00F0	0x0E01      	MOVLW       1
0x00F2	0x6E00      	MOVWF       R0 
0x00F4	0xD001      	BRA         L_isdigit8
L_isdigit9:
0x00F6	0x6A00      	CLRF        R0 
L_isdigit8:
;__Lib_CType.c,25 :: 		
L_end_isdigit:
0x00F8	0x0012      	RETURN      0
; end of _isdigit
_UART1_Write:
;__Lib_UART_c67.c,58 :: 		
;__Lib_UART_c67.c,59 :: 		
L_UART1_Write3:
0x00FA	0xB2AC      	BTFSC       TXSTA, 1 
0x00FC	0xD002      	BRA         L_UART1_Write4
;__Lib_UART_c67.c,60 :: 		
0x00FE	0x0000      	NOP
0x0100	0xD7FC      	BRA         L_UART1_Write3
L_UART1_Write4:
;__Lib_UART_c67.c,61 :: 		
0x0102	0xFFADC092  	MOVFF       FARG_UART1_Write_data_, TXREG
;__Lib_UART_c67.c,62 :: 		
L_end_UART1_Write:
0x0106	0x0012      	RETURN      0
; end of _UART1_Write
_WordToStr:
;__Lib_Conversions.c,98 :: 		
;__Lib_Conversions.c,103 :: 		
0x0108	0x0100      	MOVLB       0
0x010A	0x6B96      	CLRF        WordToStr_len_L0, 1
L_WordToStr11:
0x010C	0x0E05      	MOVLW       5
0x010E	0x5D96      	SUBWF       WordToStr_len_L0, 0, 1
0x0110	0xE20A      	BC          L_WordToStr12
;__Lib_Conversions.c,104 :: 		
0x0112	0x5196      	MOVF        WordToStr_len_L0, 0, 1
0x0114	0x2594      	ADDWF       FARG_WordToStr_output, 0, 1
0x0116	0x6EE1      	MOVWF       FSR1L 
0x0118	0x0E00      	MOVLW       0
0x011A	0x2195      	ADDWFC      FARG_WordToStr_output+1, 0, 1
0x011C	0x6EE2      	MOVWF       FSR1H 
0x011E	0x0E20      	MOVLW       32
0x0120	0x6EE6      	MOVWF       POSTINC1 
;__Lib_Conversions.c,103 :: 		
0x0122	0x2B96      	INCF        WordToStr_len_L0, 1, 1
;__Lib_Conversions.c,104 :: 		
0x0124	0xD7F3      	BRA         L_WordToStr11
L_WordToStr12:
;__Lib_Conversions.c,105 :: 		
0x0126	0x5196      	MOVF        WordToStr_len_L0, 0, 1
0x0128	0x2594      	ADDWF       FARG_WordToStr_output, 0, 1
0x012A	0x6EE1      	MOVWF       FSR1L 
0x012C	0x0E00      	MOVLW       0
0x012E	0x2195      	ADDWFC      FARG_WordToStr_output+1, 0, 1
0x0130	0x6EE2      	MOVWF       FSR1H 
0x0132	0x6AE6      	CLRF        POSTINC1 
0x0134	0x0796      	DECF        WordToStr_len_L0, 1, 1
;__Lib_Conversions.c,107 :: 		
L_WordToStr14:
;__Lib_Conversions.c,108 :: 		
0x0136	0x5196      	MOVF        WordToStr_len_L0, 0, 1
0x0138	0x2594      	ADDWF       FARG_WordToStr_output, 0, 1
0x013A	0x6F97      	MOVWF       FLOC__WordToStr, 1
0x013C	0x0E00      	MOVLW       0
0x013E	0x2195      	ADDWFC      FARG_WordToStr_output+1, 0, 1
0x0140	0x6F98      	MOVWF       FLOC__WordToStr+1, 1
0x0142	0x0E0A      	MOVLW       10
0x0144	0x6E04      	MOVWF       R4 
0x0146	0x0E00      	MOVLW       0
0x0148	0x6E05      	MOVWF       R5 
0x014A	0xF000C092  	MOVFF       FARG_WordToStr_input, R0
0x014E	0xF001C093  	MOVFF       FARG_WordToStr_input+1, R1
0x0152	0xDFAC      	RCALL       _Div_16X16_U
0x0154	0xF000C008  	MOVFF       R8, R0
0x0158	0xF001C009  	MOVFF       R9, R1
0x015C	0x0E30      	MOVLW       48
0x015E	0x2600      	ADDWF       R0, 1 
0x0160	0xFFE1C097  	MOVFF       FLOC__WordToStr, FSR1L
0x0164	0xFFE2C098  	MOVFF       FLOC__WordToStr+1, FSR1H
0x0168	0xFFE6C000  	MOVFF       R0, POSTINC1
;__Lib_Conversions.c,109 :: 		
0x016C	0x0E0A      	MOVLW       10
0x016E	0x6E04      	MOVWF       R4 
0x0170	0x0E00      	MOVLW       0
0x0172	0x6E05      	MOVWF       R5 
0x0174	0xF000C092  	MOVFF       FARG_WordToStr_input, R0
0x0178	0xF001C093  	MOVFF       FARG_WordToStr_input+1, R1
0x017C	0xDF97      	RCALL       _Div_16X16_U
0x017E	0xF092C000  	MOVFF       R0, FARG_WordToStr_input
0x0182	0xF093C001  	MOVFF       R1, FARG_WordToStr_input+1
;__Lib_Conversions.c,110 :: 		
0x0186	0x0E00      	MOVLW       0
0x0188	0x1801      	XORWF       R1, 0 
0x018A	0xE102      	BNZ         L__WordToStr159
0x018C	0x0E00      	MOVLW       0
0x018E	0x1800      	XORWF       R0, 0 
L__WordToStr159:
0x0190	0xE101      	BNZ         L_WordToStr16
;__Lib_Conversions.c,111 :: 		
0x0192	0xD002      	BRA         L_WordToStr15
L_WordToStr16:
;__Lib_Conversions.c,112 :: 		
0x0194	0x0796      	DECF        WordToStr_len_L0, 1, 1
;__Lib_Conversions.c,113 :: 		
0x0196	0xD7CF      	BRA         L_WordToStr14
L_WordToStr15:
;__Lib_Conversions.c,114 :: 		
L_end_WordToStr:
0x0198	0x0012      	RETURN      0
; end of _WordToStr
_Mul_16X16_U:
;__Lib_Math.c,440 :: 		
;__Lib_Math.c,447 :: 		
0x019A	0x6A0B      	CLRF        R11, 0
;__Lib_Math.c,448 :: 		
0x019C	0x6A0A      	CLRF        R10, 0
;__Lib_Math.c,449 :: 		
0x019E	0x6A09      	CLRF        R9, 0
;__Lib_Math.c,450 :: 		
0x01A0	0x5000      	MOVF        R0, 0, 0
;__Lib_Math.c,451 :: 		
0x01A2	0x0204      	MULWF       R4, 0
;__Lib_Math.c,453 :: 		
0x01A4	0xF009CFF4  	MOVFF       PRODH, R9
;__Lib_Math.c,454 :: 		
0x01A8	0xF008CFF3  	MOVFF       PRODL, R8
;__Lib_Math.c,455 :: 		
0x01AC	0x5001      	MOVF        R1, 0, 0
;__Lib_Math.c,456 :: 		
0x01AE	0x0205      	MULWF       R5, 0
;__Lib_Math.c,458 :: 		
0x01B0	0xF00BCFF4  	MOVFF       PRODH, R11
;__Lib_Math.c,459 :: 		
0x01B4	0xF00ACFF3  	MOVFF       PRODL, R10
;__Lib_Math.c,460 :: 		
0x01B8	0x5000      	MOVF        R0, 0, 0
;__Lib_Math.c,461 :: 		
0x01BA	0x0205      	MULWF       R5, 0
;__Lib_Math.c,463 :: 		
0x01BC	0x50F3      	MOVF        PRODL, 0, 0
;__Lib_Math.c,464 :: 		
0x01BE	0x2609      	ADDWF       R9, 1, 0
;__Lib_Math.c,465 :: 		
0x01C0	0x50F4      	MOVF        PRODH, 0, 0
;__Lib_Math.c,466 :: 		
0x01C2	0x220A      	ADDWFC      R10, 1, 0
;__Lib_Math.c,467 :: 		
0x01C4	0x6AE8      	CLRF        WREG, 0
;__Lib_Math.c,468 :: 		
0x01C6	0x220B      	ADDWFC      R11, 1, 0
;__Lib_Math.c,469 :: 		
0x01C8	0x5001      	MOVF        R1, 0, 0
;__Lib_Math.c,470 :: 		
0x01CA	0x0204      	MULWF       R4, 0
;__Lib_Math.c,472 :: 		
0x01CC	0x50F3      	MOVF        PRODL, 0, 0
;__Lib_Math.c,473 :: 		
0x01CE	0x2609      	ADDWF       R9, 1, 0
;__Lib_Math.c,474 :: 		
0x01D0	0x50F4      	MOVF        PRODH, 0, 0
;__Lib_Math.c,475 :: 		
0x01D2	0x220A      	ADDWFC      R10, 1, 0
;__Lib_Math.c,476 :: 		
0x01D4	0x6AE8      	CLRF        WREG, 0
;__Lib_Math.c,477 :: 		
0x01D6	0x220B      	ADDWFC      R11, 1, 0
;__Lib_Math.c,479 :: 		
0x01D8	0xF000C008  	MOVFF       R8, R0
;__Lib_Math.c,480 :: 		
0x01DC	0xF001C009  	MOVFF       R9, R1
;__Lib_Math.c,481 :: 		
0x01E0	0xF002C00A  	MOVFF       R10, R2
;__Lib_Math.c,482 :: 		
0x01E4	0xF003C00B  	MOVFF       R11, R3
;__Lib_Math.c,485 :: 		
L_end_Mul_16X16_U:
0x01E8	0x0012      	RETURN      0
; end of _Mul_16X16_U
_Delay_22us:
;__Lib_Delays.c,15 :: 		void Delay_22us() {
;__Lib_Delays.c,16 :: 		Delay_us(22);
0x01EA	0x0E0E      	MOVLW       14
0x01EC	0x6E0D      	MOVWF       R13, 0
L_Delay_22us1:
0x01EE	0x2E0D      	DECFSZ      R13, 1, 0
0x01F0	0xD7FE      	BRA         L_Delay_22us1
0x01F2	0x0000      	NOP
;__Lib_Delays.c,17 :: 		}
L_end_Delay_22us:
0x01F4	0x0012      	RETURN      0
; end of _Delay_22us
_ADC_Read:
;__Lib_ADC_A_D.c,51 :: 		
;__Lib_ADC_A_D.c,54 :: 		
0x01F6	0x6AC2      	CLRF        ADCON0 
;__Lib_ADC_A_D.c,55 :: 		
0x01F8	0x1C50      	COMF        _vref_mask, 0 
0x01FA	0x6E00      	MOVWF       R0 
0x01FC	0x5000      	MOVF        R0, 0 
0x01FE	0x16C1      	ANDWF       ADCON1, 1 
;__Lib_ADC_A_D.c,56 :: 		
0x0200	0x0E07      	MOVLW       7
0x0202	0x12C0      	IORWF       ADCON2, 1 
;__Lib_ADC_A_D.c,57 :: 		
0x0204	0x8EC0      	BSF         ADCON2, 7 
;__Lib_ADC_A_D.c,58 :: 		
0x0206	0xF000C088  	MOVFF       FARG_ADC_Read_channel, R0
0x020A	0x3600      	RLCF        R0, 1 
0x020C	0x9000      	BCF         R0, 0 
0x020E	0x3600      	RLCF        R0, 1 
0x0210	0x9000      	BCF         R0, 0 
0x0212	0x5000      	MOVF        R0, 0 
0x0214	0x12C2      	IORWF       ADCON0, 1 
;__Lib_ADC_A_D.c,59 :: 		
0x0216	0x80C2      	BSF         ADCON0, 0 
;__Lib_ADC_A_D.c,60 :: 		
0x0218	0xDFE8      	RCALL       _Delay_22us
;__Lib_ADC_A_D.c,61 :: 		
0x021A	0x82C2      	BSF         ADCON0, 1 
;__Lib_ADC_A_D.c,62 :: 		
L_ADC_Read2:
0x021C	0xA2C2      	BTFSS       ADCON0, 1 
0x021E	0xD001      	BRA         L_ADC_Read3
;__Lib_ADC_A_D.c,63 :: 		
0x0220	0xD7FD      	BRA         L_ADC_Read2
L_ADC_Read3:
;__Lib_ADC_A_D.c,64 :: 		
0x0222	0xF001CFC4  	MOVFF       ADRESH, R1
0x0226	0x6A00      	CLRF        R0 
;__Lib_ADC_A_D.c,65 :: 		
0x0228	0x50C3      	MOVF        ADRESL, 0 
0x022A	0x1200      	IORWF       R0, 1 
0x022C	0x0E00      	MOVLW       0
0x022E	0x1201      	IORWF       R1, 1 
;__Lib_ADC_A_D.c,66 :: 		
0x0230	0x90C2      	BCF         ADCON0, 0 
;__Lib_ADC_A_D.c,68 :: 		
;__Lib_ADC_A_D.c,69 :: 		
L_end_ADC_Read:
0x0232	0x0012      	RETURN      0
; end of _ADC_Read
_IntToStr:
;__Lib_Conversions.c,195 :: 		
;__Lib_Conversions.c,201 :: 		
0x0234	0x0100      	MOVLB       0
0x0236	0x6B8E      	CLRF        IntToStr_negative_L0, 1
0x0238	0x6B8F      	CLRF        IntToStr_negative_L0+1, 1
;__Lib_Conversions.c,202 :: 		
0x023A	0xF090C088  	MOVFF       FARG_IntToStr_input, IntToStr_inword_L0
0x023E	0xF091C089  	MOVFF       FARG_IntToStr_input+1, IntToStr_inword_L0+1
;__Lib_Conversions.c,203 :: 		
0x0242	0x0E80      	MOVLW       128
0x0244	0x1989      	XORWF       FARG_IntToStr_input+1, 0, 1
0x0246	0x6E00      	MOVWF       R0 
0x0248	0x0E80      	MOVLW       128
0x024A	0x5C00      	SUBWF       R0, 0 
0x024C	0xE102      	BNZ         L__IntToStr167
0x024E	0x0E00      	MOVLW       0
0x0250	0x5D88      	SUBWF       FARG_IntToStr_input, 0, 1
L__IntToStr167:
0x0252	0xE20B      	BC          L_IntToStr37
;__Lib_Conversions.c,204 :: 		
0x0254	0x0E01      	MOVLW       1
0x0256	0x6F8E      	MOVWF       IntToStr_negative_L0, 1
0x0258	0x0E00      	MOVLW       0
0x025A	0x6F8F      	MOVWF       IntToStr_negative_L0+1, 1
;__Lib_Conversions.c,205 :: 		
0x025C	0x5188      	MOVF        FARG_IntToStr_input, 0, 1
0x025E	0x0800      	SUBLW       0
0x0260	0x6F90      	MOVWF       IntToStr_inword_L0, 1
0x0262	0xF091C089  	MOVFF       FARG_IntToStr_input+1, IntToStr_inword_L0+1
0x0266	0x0E00      	MOVLW       0
0x0268	0x5791      	SUBFWB      IntToStr_inword_L0+1, 1, 1
;__Lib_Conversions.c,206 :: 		
L_IntToStr37:
;__Lib_Conversions.c,207 :: 		
0x026A	0xF092C090  	MOVFF       IntToStr_inword_L0, FARG_WordToStr_input
0x026E	0xF093C091  	MOVFF       IntToStr_inword_L0+1, FARG_WordToStr_input+1
0x0272	0xF094C08A  	MOVFF       FARG_IntToStr_output, FARG_WordToStr_output
0x0276	0xF095C08B  	MOVFF       FARG_IntToStr_output+1, FARG_WordToStr_output+1
0x027A	0xDF46      	RCALL       _WordToStr
;__Lib_Conversions.c,209 :: 		
0x027C	0x0E06      	MOVLW       6
0x027E	0x6F8C      	MOVWF       IntToStr_i_L0, 1
0x0280	0x0E00      	MOVLW       0
0x0282	0x6F8D      	MOVWF       IntToStr_i_L0+1, 1
;__Lib_Conversions.c,210 :: 		
L_IntToStr38:
0x0284	0x0E00      	MOVLW       0
0x0286	0x6E00      	MOVWF       R0 
0x0288	0x518D      	MOVF        IntToStr_i_L0+1, 0, 1
0x028A	0x5C00      	SUBWF       R0, 0 
0x028C	0xE102      	BNZ         L__IntToStr168
0x028E	0x518C      	MOVF        IntToStr_i_L0, 0, 1
0x0290	0x0800      	SUBLW       0
L__IntToStr168:
0x0292	0xE219      	BC          L_IntToStr39
;__Lib_Conversions.c,211 :: 		
0x0294	0x518C      	MOVF        IntToStr_i_L0, 0, 1
0x0296	0x258A      	ADDWF       FARG_IntToStr_output, 0, 1
0x0298	0x6EE1      	MOVWF       FSR1L 
0x029A	0x518D      	MOVF        IntToStr_i_L0+1, 0, 1
0x029C	0x218B      	ADDWFC      FARG_IntToStr_output+1, 0, 1
0x029E	0x6EE2      	MOVWF       FSR1H 
0x02A0	0x0E01      	MOVLW       1
0x02A2	0x5D8C      	SUBWF       IntToStr_i_L0, 0, 1
0x02A4	0x6E00      	MOVWF       R0 
0x02A6	0x0E00      	MOVLW       0
0x02A8	0x598D      	SUBWFB      IntToStr_i_L0+1, 0, 1
0x02AA	0x6E01      	MOVWF       R1 
0x02AC	0x5000      	MOVF        R0, 0 
0x02AE	0x258A      	ADDWF       FARG_IntToStr_output, 0, 1
0x02B0	0x6EE9      	MOVWF       FSR0L 
0x02B2	0x5001      	MOVF        R1, 0 
0x02B4	0x218B      	ADDWFC      FARG_IntToStr_output+1, 0, 1
0x02B6	0x6EEA      	MOVWF       FSR0H 
0x02B8	0xFFE6CFEE  	MOVFF       POSTINC0, POSTINC1
;__Lib_Conversions.c,212 :: 		
0x02BC	0x0E01      	MOVLW       1
0x02BE	0x5F8C      	SUBWF       IntToStr_i_L0, 1, 1
0x02C0	0x0E00      	MOVLW       0
0x02C2	0x5B8D      	SUBWFB      IntToStr_i_L0+1, 1, 1
;__Lib_Conversions.c,213 :: 		
0x02C4	0xD7DF      	BRA         L_IntToStr38
L_IntToStr39:
;__Lib_Conversions.c,214 :: 		
0x02C6	0xFFE1C08A  	MOVFF       FARG_IntToStr_output, FSR1L
0x02CA	0xFFE2C08B  	MOVFF       FARG_IntToStr_output+1, FSR1H
0x02CE	0x0E20      	MOVLW       32
0x02D0	0x6EE6      	MOVWF       POSTINC1 
;__Lib_Conversions.c,215 :: 		
0x02D2	0x518E      	MOVF        IntToStr_negative_L0, 0, 1
0x02D4	0x118F      	IORWF       IntToStr_negative_L0+1, 0, 1
0x02D6	0xE01A      	BZ          L_IntToStr40
;__Lib_Conversions.c,216 :: 		
0x02D8	0x6B8C      	CLRF        IntToStr_i_L0, 1
0x02DA	0x6B8D      	CLRF        IntToStr_i_L0+1, 1
;__Lib_Conversions.c,217 :: 		
L_IntToStr41:
0x02DC	0x518C      	MOVF        IntToStr_i_L0, 0, 1
0x02DE	0x258A      	ADDWF       FARG_IntToStr_output, 0, 1
0x02E0	0x6EE9      	MOVWF       FSR0L 
0x02E2	0x518D      	MOVF        IntToStr_i_L0+1, 0, 1
0x02E4	0x218B      	ADDWFC      FARG_IntToStr_output+1, 0, 1
0x02E6	0x6EEA      	MOVWF       FSR0H 
0x02E8	0x50EE      	MOVF        POSTINC0, 0 
0x02EA	0x0A20      	XORLW       32
0x02EC	0xE103      	BNZ         L_IntToStr42
0x02EE	0x4B8C      	INFSNZ      IntToStr_i_L0, 1, 1
0x02F0	0x2B8D      	INCF        IntToStr_i_L0+1, 1, 1
0x02F2	0xD7F4      	BRA         L_IntToStr41
L_IntToStr42:
;__Lib_Conversions.c,218 :: 		
0x02F4	0x0E01      	MOVLW       1
0x02F6	0x5F8C      	SUBWF       IntToStr_i_L0, 1, 1
0x02F8	0x0E00      	MOVLW       0
0x02FA	0x5B8D      	SUBWFB      IntToStr_i_L0+1, 1, 1
;__Lib_Conversions.c,219 :: 		
0x02FC	0x518C      	MOVF        IntToStr_i_L0, 0, 1
0x02FE	0x258A      	ADDWF       FARG_IntToStr_output, 0, 1
0x0300	0x6EE1      	MOVWF       FSR1L 
0x0302	0x518D      	MOVF        IntToStr_i_L0+1, 0, 1
0x0304	0x218B      	ADDWFC      FARG_IntToStr_output+1, 0, 1
0x0306	0x6EE2      	MOVWF       FSR1H 
0x0308	0x0E2D      	MOVLW       45
0x030A	0x6EE6      	MOVWF       POSTINC1 
L_IntToStr40:
;__Lib_Conversions.c,220 :: 		
L_end_IntToStr:
0x030C	0x0012      	RETURN      0
; end of _IntToStr
_UART1_Write_Text:
;__Lib_UART_c67.c,66 :: 		
;__Lib_UART_c67.c,67 :: 		
0x030E	0x0100      	MOVLB       0
0x0310	0x6B8B      	CLRF        UART1_Write_Text_counter_L0, 1
;__Lib_UART_c67.c,69 :: 		
0x0312	0xFFE9C088  	MOVFF       FARG_UART1_Write_Text_uart_text, FSR0L
0x0316	0xFFEAC089  	MOVFF       FARG_UART1_Write_Text_uart_text+1, FSR0H
0x031A	0xF08ACFEE  	MOVFF       POSTINC0, UART1_Write_Text_data__L0
;__Lib_UART_c67.c,70 :: 		
L_UART1_Write_Text5:
0x031E	0x518A      	MOVF        UART1_Write_Text_data__L0, 0, 1
0x0320	0x0A00      	XORLW       0
0x0322	0xE00E      	BZ          L_UART1_Write_Text6
;__Lib_UART_c67.c,71 :: 		
0x0324	0xF092C08A  	MOVFF       UART1_Write_Text_data__L0, FARG_UART1_Write_data_
0x0328	0xDEE8      	RCALL       _UART1_Write
;__Lib_UART_c67.c,72 :: 		
0x032A	0x0100      	MOVLB       0
0x032C	0x2B8B      	INCF        UART1_Write_Text_counter_L0, 1, 1
;__Lib_UART_c67.c,73 :: 		
0x032E	0x518B      	MOVF        UART1_Write_Text_counter_L0, 0, 1
0x0330	0x2588      	ADDWF       FARG_UART1_Write_Text_uart_text, 0, 1
0x0332	0x6EE9      	MOVWF       FSR0L 
0x0334	0x0E00      	MOVLW       0
0x0336	0x2189      	ADDWFC      FARG_UART1_Write_Text_uart_text+1, 0, 1
0x0338	0x6EEA      	MOVWF       FSR0H 
0x033A	0xF08ACFEE  	MOVFF       POSTINC0, UART1_Write_Text_data__L0
;__Lib_UART_c67.c,74 :: 		
0x033E	0xD7EF      	BRA         L_UART1_Write_Text5
L_UART1_Write_Text6:
;__Lib_UART_c67.c,75 :: 		
L_end_UART1_Write_Text:
0x0340	0x0012      	RETURN      0
; end of _UART1_Write_Text
_atoi:
;__Lib_CStdlib.c,181 :: 		
;__Lib_CStdlib.c,186 :: 		
___atoi_skipws_atoi:
;__Lib_CStdlib.c,187 :: 		
0x0342	0xFFE9C088  	MOVFF       FARG_atoi_s, FSR0L
0x0346	0xFFEAC089  	MOVFF       FARG_atoi_s+1, FSR0H
0x034A	0xF08ACFEE  	MOVFF       POSTINC0, atoi_c_L0
0x034E	0x0E00      	MOVLW       0
0x0350	0x0100      	MOVLB       0
0x0352	0x6F8B      	MOVWF       atoi_c_L0+1, 1
0x0354	0x0E00      	MOVLW       0
0x0356	0x6F8B      	MOVWF       atoi_c_L0+1, 1
;__Lib_CStdlib.c,188 :: 		
0x0358	0x0E00      	MOVLW       0
0x035A	0x198B      	XORWF       atoi_c_L0+1, 0, 1
0x035C	0xE102      	BNZ         L__atoi101
0x035E	0x0E20      	MOVLW       32
0x0360	0x198A      	XORWF       atoi_c_L0, 0, 1
L__atoi101:
0x0362	0xE007      	BZ          L__atoi90
0x0364	0x0E00      	MOVLW       0
0x0366	0x198B      	XORWF       atoi_c_L0+1, 0, 1
0x0368	0xE102      	BNZ         L__atoi102
0x036A	0x0E09      	MOVLW       9
0x036C	0x198A      	XORWF       atoi_c_L0, 0, 1
L__atoi102:
0x036E	0xE001      	BZ          L__atoi90
0x0370	0xD003      	BRA         L_atoi55
L__atoi90:
;__Lib_CStdlib.c,189 :: 		
0x0372	0x4B88      	INFSNZ      FARG_atoi_s, 1, 1
0x0374	0x2B89      	INCF        FARG_atoi_s+1, 1, 1
;__Lib_CStdlib.c,190 :: 		
0x0376	0xD7E5      	BRA         ___atoi_skipws_atoi
;__Lib_CStdlib.c,191 :: 		
L_atoi55:
;__Lib_CStdlib.c,192 :: 		
0x0378	0x6B8C      	CLRF        atoi_a_L0, 1
0x037A	0x6B8D      	CLRF        atoi_a_L0+1, 1
;__Lib_CStdlib.c,193 :: 		
0x037C	0x6B8E      	CLRF        atoi_sign_L0, 1
0x037E	0x6B8F      	CLRF        atoi_sign_L0+1, 1
;__Lib_CStdlib.c,194 :: 		
0x0380	0x0E00      	MOVLW       0
0x0382	0x198B      	XORWF       atoi_c_L0+1, 0, 1
0x0384	0xE102      	BNZ         L__atoi103
0x0386	0x0E2D      	MOVLW       45
0x0388	0x198A      	XORWF       atoi_c_L0, 0, 1
L__atoi103:
0x038A	0xE105      	BNZ         L_atoi56
;__Lib_CStdlib.c,195 :: 		
0x038C	0x4B8E      	INFSNZ      atoi_sign_L0, 1, 1
0x038E	0x2B8F      	INCF        atoi_sign_L0+1, 1, 1
;__Lib_CStdlib.c,196 :: 		
0x0390	0x4B88      	INFSNZ      FARG_atoi_s, 1, 1
0x0392	0x2B89      	INCF        FARG_atoi_s+1, 1, 1
;__Lib_CStdlib.c,197 :: 		
0x0394	0xD008      	BRA         L_atoi57
L_atoi56:
;__Lib_CStdlib.c,199 :: 		
0x0396	0x0E00      	MOVLW       0
0x0398	0x198B      	XORWF       atoi_c_L0+1, 0, 1
0x039A	0xE102      	BNZ         L__atoi104
0x039C	0x0E2B      	MOVLW       43
0x039E	0x198A      	XORWF       atoi_c_L0, 0, 1
L__atoi104:
0x03A0	0xE102      	BNZ         L_atoi58
;__Lib_CStdlib.c,200 :: 		
0x03A2	0x4B88      	INFSNZ      FARG_atoi_s, 1, 1
0x03A4	0x2B89      	INCF        FARG_atoi_s+1, 1, 1
L_atoi58:
L_atoi57:
;__Lib_CStdlib.c,201 :: 		
___atoi_conv_atoi:
;__Lib_CStdlib.c,202 :: 		
0x03A6	0xFFE9C088  	MOVFF       FARG_atoi_s, FSR0L
0x03AA	0xFFEAC089  	MOVFF       FARG_atoi_s+1, FSR0H
0x03AE	0xF08ACFEE  	MOVFF       POSTINC0, atoi_c_L0
0x03B2	0x0E00      	MOVLW       0
0x03B4	0x6F8B      	MOVWF       atoi_c_L0+1, 1
0x03B6	0x0E00      	MOVLW       0
0x03B8	0x6F8B      	MOVWF       atoi_c_L0+1, 1
;__Lib_CStdlib.c,203 :: 		
0x03BA	0xF092C08A  	MOVFF       atoi_c_L0, FARG_isdigit_character
0x03BE	0xDE91      	RCALL       _isdigit
0x03C0	0x5200      	MOVF        R0, 1 
0x03C2	0xE018      	BZ          L_atoi59
;__Lib_CStdlib.c,204 :: 		
0x03C4	0xF000C08C  	MOVFF       atoi_a_L0, R0
0x03C8	0xF001C08D  	MOVFF       atoi_a_L0+1, R1
0x03CC	0x0E0A      	MOVLW       10
0x03CE	0x6E04      	MOVWF       R4 
0x03D0	0x0E00      	MOVLW       0
0x03D2	0x6E05      	MOVWF       R5 
0x03D4	0xDEE2      	RCALL       _Mul_16X16_U
0x03D6	0x0E30      	MOVLW       48
0x03D8	0x5D8A      	SUBWF       atoi_c_L0, 0, 1
0x03DA	0x6E02      	MOVWF       R2 
0x03DC	0x0E00      	MOVLW       0
0x03DE	0x598B      	SUBWFB      atoi_c_L0+1, 0, 1
0x03E0	0x6E03      	MOVWF       R3 
0x03E2	0x5002      	MOVF        R2, 0 
0x03E4	0x2400      	ADDWF       R0, 0 
0x03E6	0x6F8C      	MOVWF       atoi_a_L0, 1
0x03E8	0x5003      	MOVF        R3, 0 
0x03EA	0x2001      	ADDWFC      R1, 0 
0x03EC	0x6F8D      	MOVWF       atoi_a_L0+1, 1
;__Lib_CStdlib.c,205 :: 		
0x03EE	0x4B88      	INFSNZ      FARG_atoi_s, 1, 1
0x03F0	0x2B89      	INCF        FARG_atoi_s+1, 1, 1
;__Lib_CStdlib.c,206 :: 		
0x03F2	0xD7D9      	BRA         ___atoi_conv_atoi
;__Lib_CStdlib.c,207 :: 		
L_atoi59:
;__Lib_CStdlib.c,208 :: 		
0x03F4	0x518E      	MOVF        atoi_sign_L0, 0, 1
0x03F6	0x118F      	IORWF       atoi_sign_L0+1, 0, 1
0x03F8	0xE008      	BZ          L_atoi60
;__Lib_CStdlib.c,209 :: 		
0x03FA	0x518C      	MOVF        atoi_a_L0, 0, 1
0x03FC	0x0800      	SUBLW       0
0x03FE	0x6E00      	MOVWF       R0 
0x0400	0xF001C08D  	MOVFF       atoi_a_L0+1, R1
0x0404	0x0E00      	MOVLW       0
0x0406	0x5601      	SUBFWB      R1, 1 
0x0408	0xD004      	BRA         L_end_atoi
L_atoi60:
;__Lib_CStdlib.c,210 :: 		
0x040A	0xF000C08C  	MOVFF       atoi_a_L0, R0
0x040E	0xF001C08D  	MOVFF       atoi_a_L0+1, R1
;__Lib_CStdlib.c,211 :: 		
L_end_atoi:
0x0412	0x0012      	RETURN      0
; end of _atoi
_PWM1_Set_Duty:
;__Lib_PWM_c21.c,42 :: 		
;__Lib_PWM_c21.c,46 :: 		
0x0414	0x50CB      	MOVF        PR2, 0 
0x0416	0x0F01      	ADDLW       1
0x0418	0x6E00      	MOVWF       R0 
0x041A	0x6A01      	CLRF        R1 
0x041C	0x0E00      	MOVLW       0
0x041E	0x2201      	ADDWFC      R1, 1 
0x0420	0xF004C088  	MOVFF       FARG_PWM1_Set_Duty_new_duty, R4
0x0424	0x0E00      	MOVLW       0
0x0426	0x6E05      	MOVWF       R5 
0x0428	0xDEB8      	RCALL       _Mul_16X16_U
0x042A	0x0E06      	MOVLW       6
0x042C	0x6E02      	MOVWF       R2 
0x042E	0xF004C000  	MOVFF       R0, R4
0x0432	0xF005C001  	MOVFF       R1, R5
0x0436	0x5002      	MOVF        R2, 0 
L__PWM1_Set_Duty10:
0x0438	0xE005      	BZ          L__PWM1_Set_Duty11
0x043A	0x3205      	RRCF        R5, 1 
0x043C	0x3204      	RRCF        R4, 1 
0x043E	0x9E05      	BCF         R5, 7 
0x0440	0x0FFF      	ADDLW       255
0x0442	0xD7FA      	BRA         L__PWM1_Set_Duty10
L__PWM1_Set_Duty11:
;__Lib_PWM_c21.c,47 :: 		
0x0444	0x0E04      	MOVLW       4
0x0446	0x6E01      	MOVWF       R1 
0x0448	0xF000C004  	MOVFF       R4, R0
0x044C	0x5001      	MOVF        R1, 0 
L__PWM1_Set_Duty12:
0x044E	0xE004      	BZ          L__PWM1_Set_Duty13
0x0450	0x3600      	RLCF        R0, 1 
0x0452	0x9000      	BCF         R0, 0 
0x0454	0x0FFF      	ADDLW       255
0x0456	0xD7FB      	BRA         L__PWM1_Set_Duty12
L__PWM1_Set_Duty13:
0x0458	0x0E30      	MOVLW       48
0x045A	0x1400      	ANDWF       R0, 0 
0x045C	0x6E03      	MOVWF       R3 
;__Lib_PWM_c21.c,48 :: 		
0x045E	0xF000C004  	MOVFF       R4, R0
0x0462	0xF001C005  	MOVFF       R5, R1
0x0466	0x3201      	RRCF        R1, 1 
0x0468	0x3200      	RRCF        R0, 1 
0x046A	0x9E01      	BCF         R1, 7 
0x046C	0x3201      	RRCF        R1, 1 
0x046E	0x3200      	RRCF        R0, 1 
0x0470	0x9E01      	BCF         R1, 7 
0x0472	0xFFBEC000  	MOVFF       R0, CCPR1L
;__Lib_PWM_c21.c,49 :: 		
0x0476	0x0E0F      	MOVLW       15
0x0478	0x16BD      	ANDWF       CCP1CON, 1 
;__Lib_PWM_c21.c,50 :: 		
0x047A	0x5003      	MOVF        R3, 0 
0x047C	0x12BD      	IORWF       CCP1CON, 1 
;__Lib_PWM_c21.c,51 :: 		
L_end_PWM1_Set_Duty:
0x047E	0x0012      	RETURN      0
; end of _PWM1_Set_Duty
_cport:
;Comunicacion_Micro.c,6 :: 		void cport() {
;Comunicacion_Micro.c,7 :: 		ADCON1=0x0E;
0x0480	0x0E0E      	MOVLW       14
0x0482	0x6EC1      	MOVWF       ADCON1 
;Comunicacion_Micro.c,8 :: 		CMCON=0x07;
0x0484	0x0E07      	MOVLW       7
0x0486	0x6EB4      	MOVWF       CMCON 
;Comunicacion_Micro.c,9 :: 		OSCCON=0x77;
0x0488	0x0E77      	MOVLW       119
0x048A	0x6ED3      	MOVWF       OSCCON 
;Comunicacion_Micro.c,10 :: 		TRISB=0;
0x048C	0x6A93      	CLRF        TRISB 
;Comunicacion_Micro.c,11 :: 		LATB=0x00;
0x048E	0x6A8A      	CLRF        LATB 
;Comunicacion_Micro.c,12 :: 		PORTB=0;
0x0490	0x6A81      	CLRF        PORTB 
;Comunicacion_Micro.c,13 :: 		}
L_end_cport:
0x0492	0x0012      	RETURN      0
; end of _cport
_CIntT0:
;Comunicacion_Micro.c,16 :: 		void CIntT0(){
;Comunicacion_Micro.c,17 :: 		INTCON2.TMR0IP=1;
0x0494	0x84F1      	BSF         INTCON2, 2 
;Comunicacion_Micro.c,18 :: 		T0CON=0x03;
0x0496	0x0E03      	MOVLW       3
0x0498	0x6ED5      	MOVWF       T0CON 
;Comunicacion_Micro.c,19 :: 		INTCON.TMR0IE=1;
0x049A	0x8AF2      	BSF         INTCON, 5 
;Comunicacion_Micro.c,20 :: 		INTCON.TMR0IF=0;
0x049C	0x94F2      	BCF         INTCON, 2 
;Comunicacion_Micro.c,21 :: 		TMR0L=0x2B;
0x049E	0x0E2B      	MOVLW       43
0x04A0	0x6ED6      	MOVWF       TMR0L 
;Comunicacion_Micro.c,22 :: 		TMR0H=0xCF;
0x04A2	0x0ECF      	MOVLW       207
0x04A4	0x6ED7      	MOVWF       TMR0H 
;Comunicacion_Micro.c,23 :: 		CT0=5;
0x04A6	0x0E05      	MOVLW       5
0x04A8	0x6E51      	MOVWF       _CT0 
;Comunicacion_Micro.c,24 :: 		}
L_end_CIntT0:
0x04AA	0x0012      	RETURN      0
; end of _CIntT0
_ADC_Init:
;__Lib_ADC_A_D.c,13 :: 		
;__Lib_ADC_A_D.c,14 :: 		
0x04AC	0x0EFF      	MOVLW       _ADC_Get_Sample
0x04AE	0x0100      	MOVLB       0
0x04B0	0x6F6B      	MOVWF       _ADC_Get_Sample_Ptr, 1
0x04B2	0x0EFF      	MOVLW       hi_addr(_ADC_Get_Sample)
0x04B4	0x6F6C      	MOVWF       _ADC_Get_Sample_Ptr+1, 1
0x04B6	0x0EFF      	MOVLW       FARG_ADC_Get_Sample_channel
0x04B8	0x6F6D      	MOVWF       _ADC_Get_Sample_Ptr+2, 1
0x04BA	0x0EFF      	MOVLW       hi_addr(FARG_ADC_Get_Sample_channel)
0x04BC	0x6F6E      	MOVWF       _ADC_Get_Sample_Ptr+3, 1
;__Lib_ADC_A_D.c,16 :: 		
0x04BE	0x6AC2      	CLRF        ADCON0 
;__Lib_ADC_A_D.c,17 :: 		
0x04C0	0x1C50      	COMF        _vref_mask, 0 
0x04C2	0x6E00      	MOVWF       R0 
0x04C4	0x5000      	MOVF        R0, 0 
0x04C6	0x16C1      	ANDWF       ADCON1, 1 
;__Lib_ADC_A_D.c,18 :: 		
0x04C8	0x0E07      	MOVLW       7
0x04CA	0x12C0      	IORWF       ADCON2, 1 
;__Lib_ADC_A_D.c,19 :: 		
0x04CC	0x8EC0      	BSF         ADCON2, 7 
;__Lib_ADC_A_D.c,20 :: 		
0x04CE	0x80C2      	BSF         ADCON0, 0 
;__Lib_ADC_A_D.c,21 :: 		
L_end_ADC_Init:
0x04D0	0x0012      	RETURN      0
; end of _ADC_Init
_LEDs:
;Comunicacion_Micro.c,27 :: 		void LEDs(){
;Comunicacion_Micro.c,28 :: 		if(Cadena[0]=='E' && Cadena[1]=='s' && Cadena[2]=='c'){     //Recibe Comando Escx y Enciende/Apaga LED x del Puerto B
0x04D2	0x5057      	MOVF        _Cadena, 0 
0x04D4	0x0A45      	XORLW       69
0x04D6	0xE133      	BNZ         L_LEDs2
0x04D8	0x5058      	MOVF        _Cadena+1, 0 
0x04DA	0x0A73      	XORLW       115
0x04DC	0xE130      	BNZ         L_LEDs2
0x04DE	0x5059      	MOVF        _Cadena+2, 0 
0x04E0	0x0A63      	XORLW       99
0x04E2	0xE12D      	BNZ         L_LEDs2
L__LEDs39:
;Comunicacion_Micro.c,29 :: 		if(Cadena[3]=='0'){
0x04E4	0x505A      	MOVF        _Cadena+3, 0 
0x04E6	0x0A30      	XORLW       48
0x04E8	0xE102      	BNZ         L_LEDs3
;Comunicacion_Micro.c,30 :: 		LATB.b0=~LATB.b0;
0x04EA	0x708A      	BTG         LATB, 0 
;Comunicacion_Micro.c,31 :: 		}
0x04EC	0xD022      	BRA         L_LEDs4
L_LEDs3:
;Comunicacion_Micro.c,32 :: 		else if(Cadena[3]=='1'){
0x04EE	0x505A      	MOVF        _Cadena+3, 0 
0x04F0	0x0A31      	XORLW       49
0x04F2	0xE102      	BNZ         L_LEDs5
;Comunicacion_Micro.c,33 :: 		LATB.b1=~LATB.b1;
0x04F4	0x728A      	BTG         LATB, 1 
;Comunicacion_Micro.c,34 :: 		}
0x04F6	0xD01D      	BRA         L_LEDs6
L_LEDs5:
;Comunicacion_Micro.c,35 :: 		else if(Cadena[3]=='2'){
0x04F8	0x505A      	MOVF        _Cadena+3, 0 
0x04FA	0x0A32      	XORLW       50
0x04FC	0xE102      	BNZ         L_LEDs7
;Comunicacion_Micro.c,36 :: 		LATB.b2=~LATB.b2;
0x04FE	0x748A      	BTG         LATB, 2 
;Comunicacion_Micro.c,37 :: 		}
0x0500	0xD018      	BRA         L_LEDs8
L_LEDs7:
;Comunicacion_Micro.c,38 :: 		else if(Cadena[3]=='3'){
0x0502	0x505A      	MOVF        _Cadena+3, 0 
0x0504	0x0A33      	XORLW       51
0x0506	0xE102      	BNZ         L_LEDs9
;Comunicacion_Micro.c,39 :: 		LATB.b3=~LATB.b3;
0x0508	0x768A      	BTG         LATB, 3 
;Comunicacion_Micro.c,40 :: 		}
0x050A	0xD013      	BRA         L_LEDs10
L_LEDs9:
;Comunicacion_Micro.c,41 :: 		else if(Cadena[3]=='4'){
0x050C	0x505A      	MOVF        _Cadena+3, 0 
0x050E	0x0A34      	XORLW       52
0x0510	0xE102      	BNZ         L_LEDs11
;Comunicacion_Micro.c,42 :: 		LATB.b4=~LATB.b4;
0x0512	0x788A      	BTG         LATB, 4 
;Comunicacion_Micro.c,43 :: 		}
0x0514	0xD00E      	BRA         L_LEDs12
L_LEDs11:
;Comunicacion_Micro.c,44 :: 		else if(Cadena[3]=='5'){
0x0516	0x505A      	MOVF        _Cadena+3, 0 
0x0518	0x0A35      	XORLW       53
0x051A	0xE102      	BNZ         L_LEDs13
;Comunicacion_Micro.c,45 :: 		LATB.b5=~LATB.b5;
0x051C	0x7A8A      	BTG         LATB, 5 
;Comunicacion_Micro.c,46 :: 		}
0x051E	0xD009      	BRA         L_LEDs14
L_LEDs13:
;Comunicacion_Micro.c,47 :: 		else if(Cadena[3]=='6'){
0x0520	0x505A      	MOVF        _Cadena+3, 0 
0x0522	0x0A36      	XORLW       54
0x0524	0xE102      	BNZ         L_LEDs15
;Comunicacion_Micro.c,48 :: 		LATB.b6=~LATB.b6;
0x0526	0x7C8A      	BTG         LATB, 6 
;Comunicacion_Micro.c,49 :: 		}
0x0528	0xD004      	BRA         L_LEDs16
L_LEDs15:
;Comunicacion_Micro.c,50 :: 		else if(Cadena[3]=='7'){
0x052A	0x505A      	MOVF        _Cadena+3, 0 
0x052C	0x0A37      	XORLW       55
0x052E	0xB4D8      	BTFSC       STATUS, 2 
;Comunicacion_Micro.c,51 :: 		LATB.b7=~LATB.b7;
0x0530	0x7E8A      	BTG         LATB, 7 
;Comunicacion_Micro.c,52 :: 		}
L_LEDs17:
L_LEDs16:
L_LEDs14:
L_LEDs12:
L_LEDs10:
L_LEDs8:
L_LEDs6:
L_LEDs4:
;Comunicacion_Micro.c,53 :: 		Cadena[0]='b';
0x0532	0x0E62      	MOVLW       98
0x0534	0x6E57      	MOVWF       _Cadena 
;Comunicacion_Micro.c,54 :: 		Cadena[1]='y';
0x0536	0x0E79      	MOVLW       121
0x0538	0x6E58      	MOVWF       _Cadena+1 
;Comunicacion_Micro.c,55 :: 		Cadena[2]='t';
0x053A	0x0E74      	MOVLW       116
0x053C	0x6E59      	MOVWF       _Cadena+2 
;Comunicacion_Micro.c,56 :: 		}
L_LEDs2:
;Comunicacion_Micro.c,57 :: 		}
L_end_LEDs:
0x053E	0x0012      	RETURN      0
; end of _LEDs
_UART1_Read:
;__Lib_UART_c67.c,39 :: 		
;__Lib_UART_c67.c,42 :: 		
0x0540	0xF001CFAE  	MOVFF       RCREG, R1
;__Lib_UART_c67.c,43 :: 		
0x0544	0xA2AB      	BTFSS       RCSTA, 1 
0x0546	0xD002      	BRA         L_UART1_Read2
;__Lib_UART_c67.c,44 :: 		
0x0548	0x98AB      	BCF         RCSTA, 4 
;__Lib_UART_c67.c,45 :: 		
0x054A	0x88AB      	BSF         RCSTA, 4 
;__Lib_UART_c67.c,46 :: 		
L_UART1_Read2:
;__Lib_UART_c67.c,47 :: 		
0x054C	0xF000C001  	MOVFF       R1, R0
;__Lib_UART_c67.c,48 :: 		
L_end_UART1_Read:
0x0550	0x0012      	RETURN      0
; end of _UART1_Read
___CC2DW:
;__Lib_System.c,21 :: 		
;__Lib_System.c,23 :: 		
_CC2DL_Loop1:
;__Lib_System.c,24 :: 		
0x0552	0x0009      	TBLRD*+
;__Lib_System.c,25 :: 		
0x0554	0xFFE6CFF5  	MOVFF       TABLAT, POSTINC1
;__Lib_System.c,26 :: 		
0x0558	0x0600      	DECF        R0, 1, 0
;__Lib_System.c,27 :: 		
0x055A	0xE1FB      	BNZ         _CC2DL_Loop1
;__Lib_System.c,28 :: 		
0x055C	0x0601      	DECF        R1, 1, 0
;__Lib_System.c,29 :: 		
0x055E	0xE1F9      	BNZ         _CC2DL_Loop1
;__Lib_System.c,31 :: 		
L_end___CC2DW:
0x0560	0x0012      	RETURN      0
; end of ___CC2DW
_PWM1_Init:
;__Lib_PWM_c21.c,35 :: 		
;__Lib_PWM_c21.c,36 :: 		
;__Lib_PWM_c21.c,37 :: 		
0x0562	0x6ABE      	CLRF        CCPR1L 
;__Lib_PWM_c21.c,38 :: 		
0x0564	0x98BD      	BCF         CCP1CON, 4 
;__Lib_PWM_c21.c,39 :: 		
0x0566	0x9ABD      	BCF         CCP1CON, 5 
;__Lib_PWM_c21.c,40 :: 		
L_end_PWM1_Init:
0x0568	0x0012      	RETURN      0
; end of _PWM1_Init
_Estado_LEDs:
;Comunicacion_Micro.c,71 :: 		void Estado_LEDs(){
;Comunicacion_Micro.c,73 :: 		UART1_Write_Text("byteEnt+b0=");
0x056A	0x0E34      	MOVLW       ?lstr3_Comunicacion_Micro
0x056C	0x0100      	MOVLB       0
0x056E	0x6F88      	MOVWF       FARG_UART1_Write_Text_uart_text, 1
0x0570	0x0E00      	MOVLW       hi_addr(?lstr3_Comunicacion_Micro)
0x0572	0x6F89      	MOVWF       FARG_UART1_Write_Text_uart_text+1, 1
0x0574	0xDECC      	RCALL       _UART1_Write_Text
;Comunicacion_Micro.c,74 :: 		IntToStr(PORTB.b0, x);
0x0576	0x0E00      	MOVLW       0
0x0578	0xB081      	BTFSC       PORTB, 0 
0x057A	0x0E01      	MOVLW       1
0x057C	0x6F88      	MOVWF       FARG_IntToStr_input, 1
0x057E	0x6B89      	CLRF        FARG_IntToStr_input+1, 1
0x0580	0x0E6A      	MOVLW       _x
0x0582	0x6F8A      	MOVWF       FARG_IntToStr_output, 1
0x0584	0x0E00      	MOVLW       hi_addr(_x)
0x0586	0x6F8B      	MOVWF       FARG_IntToStr_output+1, 1
0x0588	0xDE55      	RCALL       _IntToStr
;Comunicacion_Micro.c,75 :: 		UART1_Write_Text(x);
0x058A	0x0E6A      	MOVLW       _x
0x058C	0x6F88      	MOVWF       FARG_UART1_Write_Text_uart_text, 1
0x058E	0x0E00      	MOVLW       hi_addr(_x)
0x0590	0x6F89      	MOVWF       FARG_UART1_Write_Text_uart_text+1, 1
0x0592	0xDEBD      	RCALL       _UART1_Write_Text
;Comunicacion_Micro.c,77 :: 		UART1_Write_Text("+b1=");
0x0594	0x0E45      	MOVLW       ?lstr4_Comunicacion_Micro
0x0596	0x6F88      	MOVWF       FARG_UART1_Write_Text_uart_text, 1
0x0598	0x0E00      	MOVLW       hi_addr(?lstr4_Comunicacion_Micro)
0x059A	0x6F89      	MOVWF       FARG_UART1_Write_Text_uart_text+1, 1
0x059C	0xDEB8      	RCALL       _UART1_Write_Text
;Comunicacion_Micro.c,78 :: 		IntToStr(LATB.b1, x);
0x059E	0x0E00      	MOVLW       0
0x05A0	0xB28A      	BTFSC       LATB, 1 
0x05A2	0x0E01      	MOVLW       1
0x05A4	0x6F88      	MOVWF       FARG_IntToStr_input, 1
0x05A6	0x6B89      	CLRF        FARG_IntToStr_input+1, 1
0x05A8	0x0E6A      	MOVLW       _x
0x05AA	0x6F8A      	MOVWF       FARG_IntToStr_output, 1
0x05AC	0x0E00      	MOVLW       hi_addr(_x)
0x05AE	0x6F8B      	MOVWF       FARG_IntToStr_output+1, 1
0x05B0	0xDE41      	RCALL       _IntToStr
;Comunicacion_Micro.c,79 :: 		UART1_Write_Text(x);
0x05B2	0x0E6A      	MOVLW       _x
0x05B4	0x6F88      	MOVWF       FARG_UART1_Write_Text_uart_text, 1
0x05B6	0x0E00      	MOVLW       hi_addr(_x)
0x05B8	0x6F89      	MOVWF       FARG_UART1_Write_Text_uart_text+1, 1
0x05BA	0xDEA9      	RCALL       _UART1_Write_Text
;Comunicacion_Micro.c,81 :: 		UART1_Write_Text("+b2=");
0x05BC	0x0E40      	MOVLW       ?lstr5_Comunicacion_Micro
0x05BE	0x6F88      	MOVWF       FARG_UART1_Write_Text_uart_text, 1
0x05C0	0x0E00      	MOVLW       hi_addr(?lstr5_Comunicacion_Micro)
0x05C2	0x6F89      	MOVWF       FARG_UART1_Write_Text_uart_text+1, 1
0x05C4	0xDEA4      	RCALL       _UART1_Write_Text
;Comunicacion_Micro.c,82 :: 		IntToStr(PORTB.b2, x);
0x05C6	0x0E00      	MOVLW       0
0x05C8	0xB481      	BTFSC       PORTB, 2 
0x05CA	0x0E01      	MOVLW       1
0x05CC	0x6F88      	MOVWF       FARG_IntToStr_input, 1
0x05CE	0x6B89      	CLRF        FARG_IntToStr_input+1, 1
0x05D0	0x0E6A      	MOVLW       _x
0x05D2	0x6F8A      	MOVWF       FARG_IntToStr_output, 1
0x05D4	0x0E00      	MOVLW       hi_addr(_x)
0x05D6	0x6F8B      	MOVWF       FARG_IntToStr_output+1, 1
0x05D8	0xDE2D      	RCALL       _IntToStr
;Comunicacion_Micro.c,83 :: 		UART1_Write_Text(x);
0x05DA	0x0E6A      	MOVLW       _x
0x05DC	0x6F88      	MOVWF       FARG_UART1_Write_Text_uart_text, 1
0x05DE	0x0E00      	MOVLW       hi_addr(_x)
0x05E0	0x6F89      	MOVWF       FARG_UART1_Write_Text_uart_text+1, 1
0x05E2	0xDE95      	RCALL       _UART1_Write_Text
;Comunicacion_Micro.c,85 :: 		UART1_Write_Text("+b3=");
0x05E4	0x0E2F      	MOVLW       ?lstr6_Comunicacion_Micro
0x05E6	0x6F88      	MOVWF       FARG_UART1_Write_Text_uart_text, 1
0x05E8	0x0E00      	MOVLW       hi_addr(?lstr6_Comunicacion_Micro)
0x05EA	0x6F89      	MOVWF       FARG_UART1_Write_Text_uart_text+1, 1
0x05EC	0xDE90      	RCALL       _UART1_Write_Text
;Comunicacion_Micro.c,86 :: 		IntToStr(PORTB.b3, x);
0x05EE	0x0E00      	MOVLW       0
0x05F0	0xB681      	BTFSC       PORTB, 3 
0x05F2	0x0E01      	MOVLW       1
0x05F4	0x6F88      	MOVWF       FARG_IntToStr_input, 1
0x05F6	0x6B89      	CLRF        FARG_IntToStr_input+1, 1
0x05F8	0x0E6A      	MOVLW       _x
0x05FA	0x6F8A      	MOVWF       FARG_IntToStr_output, 1
0x05FC	0x0E00      	MOVLW       hi_addr(_x)
0x05FE	0x6F8B      	MOVWF       FARG_IntToStr_output+1, 1
0x0600	0xDE19      	RCALL       _IntToStr
;Comunicacion_Micro.c,87 :: 		UART1_Write_Text(x);
0x0602	0x0E6A      	MOVLW       _x
0x0604	0x6F88      	MOVWF       FARG_UART1_Write_Text_uart_text, 1
0x0606	0x0E00      	MOVLW       hi_addr(_x)
0x0608	0x6F89      	MOVWF       FARG_UART1_Write_Text_uart_text+1, 1
0x060A	0xDE81      	RCALL       _UART1_Write_Text
;Comunicacion_Micro.c,89 :: 		UART1_Write_Text("+b4=");
0x060C	0x0E20      	MOVLW       ?lstr7_Comunicacion_Micro
0x060E	0x6F88      	MOVWF       FARG_UART1_Write_Text_uart_text, 1
0x0610	0x0E00      	MOVLW       hi_addr(?lstr7_Comunicacion_Micro)
0x0612	0x6F89      	MOVWF       FARG_UART1_Write_Text_uart_text+1, 1
0x0614	0xDE7C      	RCALL       _UART1_Write_Text
;Comunicacion_Micro.c,90 :: 		IntToStr(PORTB.b4, x);
0x0616	0x0E00      	MOVLW       0
0x0618	0xB881      	BTFSC       PORTB, 4 
0x061A	0x0E01      	MOVLW       1
0x061C	0x6F88      	MOVWF       FARG_IntToStr_input, 1
0x061E	0x6B89      	CLRF        FARG_IntToStr_input+1, 1
0x0620	0x0E6A      	MOVLW       _x
0x0622	0x6F8A      	MOVWF       FARG_IntToStr_output, 1
0x0624	0x0E00      	MOVLW       hi_addr(_x)
0x0626	0x6F8B      	MOVWF       FARG_IntToStr_output+1, 1
0x0628	0xDE05      	RCALL       _IntToStr
;Comunicacion_Micro.c,91 :: 		UART1_Write_Text(x);
0x062A	0x0E6A      	MOVLW       _x
0x062C	0x6F88      	MOVWF       FARG_UART1_Write_Text_uart_text, 1
0x062E	0x0E00      	MOVLW       hi_addr(_x)
0x0630	0x6F89      	MOVWF       FARG_UART1_Write_Text_uart_text+1, 1
0x0632	0xDE6D      	RCALL       _UART1_Write_Text
;Comunicacion_Micro.c,93 :: 		UART1_Write_Text("+b5=");
0x0634	0x0E1B      	MOVLW       ?lstr8_Comunicacion_Micro
0x0636	0x6F88      	MOVWF       FARG_UART1_Write_Text_uart_text, 1
0x0638	0x0E00      	MOVLW       hi_addr(?lstr8_Comunicacion_Micro)
0x063A	0x6F89      	MOVWF       FARG_UART1_Write_Text_uart_text+1, 1
0x063C	0xDE68      	RCALL       _UART1_Write_Text
;Comunicacion_Micro.c,94 :: 		IntToStr(PORTB.b5, x);
0x063E	0x0E00      	MOVLW       0
0x0640	0xBA81      	BTFSC       PORTB, 5 
0x0642	0x0E01      	MOVLW       1
0x0644	0x6F88      	MOVWF       FARG_IntToStr_input, 1
0x0646	0x6B89      	CLRF        FARG_IntToStr_input+1, 1
0x0648	0x0E6A      	MOVLW       _x
0x064A	0x6F8A      	MOVWF       FARG_IntToStr_output, 1
0x064C	0x0E00      	MOVLW       hi_addr(_x)
0x064E	0x6F8B      	MOVWF       FARG_IntToStr_output+1, 1
0x0650	0xDDF1      	RCALL       _IntToStr
;Comunicacion_Micro.c,95 :: 		UART1_Write_Text(x);
0x0652	0x0E6A      	MOVLW       _x
0x0654	0x6F88      	MOVWF       FARG_UART1_Write_Text_uart_text, 1
0x0656	0x0E00      	MOVLW       hi_addr(_x)
0x0658	0x6F89      	MOVWF       FARG_UART1_Write_Text_uart_text+1, 1
0x065A	0xDE59      	RCALL       _UART1_Write_Text
;Comunicacion_Micro.c,97 :: 		UART1_Write_Text("+b6=");
0x065C	0x0E2A      	MOVLW       ?lstr9_Comunicacion_Micro
0x065E	0x6F88      	MOVWF       FARG_UART1_Write_Text_uart_text, 1
0x0660	0x0E00      	MOVLW       hi_addr(?lstr9_Comunicacion_Micro)
0x0662	0x6F89      	MOVWF       FARG_UART1_Write_Text_uart_text+1, 1
0x0664	0xDE54      	RCALL       _UART1_Write_Text
;Comunicacion_Micro.c,98 :: 		IntToStr(PORTB.b6, x);
0x0666	0x0E00      	MOVLW       0
0x0668	0xBC81      	BTFSC       PORTB, 6 
0x066A	0x0E01      	MOVLW       1
0x066C	0x6F88      	MOVWF       FARG_IntToStr_input, 1
0x066E	0x6B89      	CLRF        FARG_IntToStr_input+1, 1
0x0670	0x0E6A      	MOVLW       _x
0x0672	0x6F8A      	MOVWF       FARG_IntToStr_output, 1
0x0674	0x0E00      	MOVLW       hi_addr(_x)
0x0676	0x6F8B      	MOVWF       FARG_IntToStr_output+1, 1
0x0678	0xDDDD      	RCALL       _IntToStr
;Comunicacion_Micro.c,99 :: 		UART1_Write_Text(x);
0x067A	0x0E6A      	MOVLW       _x
0x067C	0x6F88      	MOVWF       FARG_UART1_Write_Text_uart_text, 1
0x067E	0x0E00      	MOVLW       hi_addr(_x)
0x0680	0x6F89      	MOVWF       FARG_UART1_Write_Text_uart_text+1, 1
0x0682	0xDE45      	RCALL       _UART1_Write_Text
;Comunicacion_Micro.c,101 :: 		UART1_Write_Text("+b7=");
0x0684	0x0E25      	MOVLW       ?lstr10_Comunicacion_Micro
0x0686	0x6F88      	MOVWF       FARG_UART1_Write_Text_uart_text, 1
0x0688	0x0E00      	MOVLW       hi_addr(?lstr10_Comunicacion_Micro)
0x068A	0x6F89      	MOVWF       FARG_UART1_Write_Text_uart_text+1, 1
0x068C	0xDE40      	RCALL       _UART1_Write_Text
;Comunicacion_Micro.c,102 :: 		IntToStr(PORTB.b7, x);
0x068E	0x0E00      	MOVLW       0
0x0690	0xBE81      	BTFSC       PORTB, 7 
0x0692	0x0E01      	MOVLW       1
0x0694	0x6F88      	MOVWF       FARG_IntToStr_input, 1
0x0696	0x6B89      	CLRF        FARG_IntToStr_input+1, 1
0x0698	0x0E6A      	MOVLW       _x
0x069A	0x6F8A      	MOVWF       FARG_IntToStr_output, 1
0x069C	0x0E00      	MOVLW       hi_addr(_x)
0x069E	0x6F8B      	MOVWF       FARG_IntToStr_output+1, 1
0x06A0	0xDDC9      	RCALL       _IntToStr
;Comunicacion_Micro.c,103 :: 		UART1_Write_Text(x);
0x06A2	0x0E6A      	MOVLW       _x
0x06A4	0x6F88      	MOVWF       FARG_UART1_Write_Text_uart_text, 1
0x06A6	0x0E00      	MOVLW       hi_addr(_x)
0x06A8	0x6F89      	MOVWF       FARG_UART1_Write_Text_uart_text+1, 1
0x06AA	0xDE31      	RCALL       _UART1_Write_Text
;Comunicacion_Micro.c,105 :: 		UART1_Write_Text("+Fin");
0x06AC	0x0E4A      	MOVLW       ?lstr11_Comunicacion_Micro
0x06AE	0x6F88      	MOVWF       FARG_UART1_Write_Text_uart_text, 1
0x06B0	0x0E00      	MOVLW       hi_addr(?lstr11_Comunicacion_Micro)
0x06B2	0x6F89      	MOVWF       FARG_UART1_Write_Text_uart_text+1, 1
0x06B4	0xDE2C      	RCALL       _UART1_Write_Text
;Comunicacion_Micro.c,106 :: 		j=0;
0x06B6	0x6B61      	CLRF        _j, 1
0x06B8	0x6B62      	CLRF        _j+1, 1
;Comunicacion_Micro.c,108 :: 		}
L_end_Estado_LEDs:
0x06BA	0x0012      	RETURN      0
; end of _Estado_LEDs
_Datos_ADC:
;Comunicacion_Micro.c,60 :: 		void Datos_ADC(){                                                               //Con Timer Activo Lee ADC y Envia Resultado Por Puerto Serie
;Comunicacion_Micro.c,62 :: 		Valor = ADC_Read(0);
0x06BC	0x0100      	MOVLB       0
0x06BE	0x6B88      	CLRF        FARG_ADC_Read_channel, 1
0x06C0	0xDD9A      	RCALL       _ADC_Read
;Comunicacion_Micro.c,63 :: 		IntToStr(Valor, Analog);
0x06C2	0xF088C000  	MOVFF       R0, FARG_IntToStr_input
0x06C6	0xF089C001  	MOVFF       R1, FARG_IntToStr_input+1
0x06CA	0x0E6F      	MOVLW       _Analog
0x06CC	0x0100      	MOVLB       0
0x06CE	0x6F8A      	MOVWF       FARG_IntToStr_output, 1
0x06D0	0x0E00      	MOVLW       hi_addr(_Analog)
0x06D2	0x6F8B      	MOVWF       FARG_IntToStr_output+1, 1
0x06D4	0xDDAF      	RCALL       _IntToStr
;Comunicacion_Micro.c,64 :: 		UART1_Write_Text("Ra0+");
0x06D6	0x0E63      	MOVLW       ?lstr1_Comunicacion_Micro
0x06D8	0x6F88      	MOVWF       FARG_UART1_Write_Text_uart_text, 1
0x06DA	0x0E00      	MOVLW       hi_addr(?lstr1_Comunicacion_Micro)
0x06DC	0x6F89      	MOVWF       FARG_UART1_Write_Text_uart_text+1, 1
0x06DE	0xDE17      	RCALL       _UART1_Write_Text
;Comunicacion_Micro.c,65 :: 		UART1_Write_Text(Analog);
0x06E0	0x0E6F      	MOVLW       _Analog
0x06E2	0x6F88      	MOVWF       FARG_UART1_Write_Text_uart_text, 1
0x06E4	0x0E00      	MOVLW       hi_addr(_Analog)
0x06E6	0x6F89      	MOVWF       FARG_UART1_Write_Text_uart_text+1, 1
0x06E8	0xDE12      	RCALL       _UART1_Write_Text
;Comunicacion_Micro.c,66 :: 		UART1_Write_Text("+Fin");
0x06EA	0x0E52      	MOVLW       ?lstr2_Comunicacion_Micro
0x06EC	0x6F88      	MOVWF       FARG_UART1_Write_Text_uart_text, 1
0x06EE	0x0E00      	MOVLW       hi_addr(?lstr2_Comunicacion_Micro)
0x06F0	0x6F89      	MOVWF       FARG_UART1_Write_Text_uart_text+1, 1
0x06F2	0xDE0D      	RCALL       _UART1_Write_Text
;Comunicacion_Micro.c,67 :: 		Timer=0;
0x06F4	0x6A4F      	CLRF        _Timer 
;Comunicacion_Micro.c,68 :: 		}
L_end_Datos_ADC:
0x06F6	0x0012      	RETURN      0
; end of _Datos_ADC
_Valor_PWM:
;Comunicacion_Micro.c,122 :: 		void Valor_PWM(){
;Comunicacion_Micro.c,125 :: 		x[0]=Cadena[3];           //Lee Dato Numerico de Cadena
0x06F8	0xF083C05A  	MOVFF       _Cadena+3, Valor_PWM_x_L0
;Comunicacion_Micro.c,126 :: 		k=atoi(x);                //Transforma char a Numero Entero
0x06FC	0x0E83      	MOVLW       Valor_PWM_x_L0
0x06FE	0x0100      	MOVLB       0
0x0700	0x6F88      	MOVWF       FARG_atoi_s, 1
0x0702	0x0E00      	MOVLW       hi_addr(Valor_PWM_x_L0)
0x0704	0x6F89      	MOVWF       FARG_atoi_s+1, 1
0x0706	0xDE1D      	RCALL       _atoi
;Comunicacion_Micro.c,127 :: 		PWM=k;                    //Guarda Dato En Variable PWM
0x0708	0xF084C000  	MOVFF       R0, Valor_PWM_PWM_L0
0x070C	0xF085C001  	MOVFF       R1, Valor_PWM_PWM_L0+1
;Comunicacion_Micro.c,128 :: 		x[0]=Cadena[4];           //Lee Siguinete Dato Numerico de Cadena
0x0710	0xF083C05B  	MOVFF       _Cadena+4, Valor_PWM_x_L0
;Comunicacion_Micro.c,129 :: 		k=atoi(x);                //Transforma char a Numero Entero
0x0714	0x0E83      	MOVLW       Valor_PWM_x_L0
0x0716	0x6F88      	MOVWF       FARG_atoi_s, 1
0x0718	0x0E00      	MOVLW       hi_addr(Valor_PWM_x_L0)
0x071A	0x6F89      	MOVWF       FARG_atoi_s+1, 1
0x071C	0xDE12      	RCALL       _atoi
0x071E	0xF086C000  	MOVFF       R0, FLOC__Valor_PWM
0x0722	0xF087C001  	MOVFF       R1, FLOC__Valor_PWM+1
0x0726	0xF000C084  	MOVFF       Valor_PWM_PWM_L0, R0
0x072A	0xF001C085  	MOVFF       Valor_PWM_PWM_L0+1, R1
0x072E	0x0E0A      	MOVLW       10
0x0730	0x6E04      	MOVWF       R4 
0x0732	0x0E00      	MOVLW       0
0x0734	0x6E05      	MOVWF       R5 
0x0736	0xDD31      	RCALL       _Mul_16X16_U
;Comunicacion_Micro.c,130 :: 		PWM=PWM*10+k;             //Multiplica Valor Anterios x10 y Suma Nuevo Valor
0x0738	0x5186      	MOVF        FLOC__Valor_PWM, 0, 1
0x073A	0x2400      	ADDWF       R0, 0 
0x073C	0x6F84      	MOVWF       Valor_PWM_PWM_L0, 1
0x073E	0x5187      	MOVF        FLOC__Valor_PWM+1, 0, 1
0x0740	0x2001      	ADDWFC      R1, 0 
0x0742	0x6F85      	MOVWF       Valor_PWM_PWM_L0+1, 1
;Comunicacion_Micro.c,131 :: 		x[0]=Cadena[5];
0x0744	0xF083C05C  	MOVFF       _Cadena+5, Valor_PWM_x_L0
;Comunicacion_Micro.c,132 :: 		k=atoi(x);
0x0748	0x0E83      	MOVLW       Valor_PWM_x_L0
0x074A	0x6F88      	MOVWF       FARG_atoi_s, 1
0x074C	0x0E00      	MOVLW       hi_addr(Valor_PWM_x_L0)
0x074E	0x6F89      	MOVWF       FARG_atoi_s+1, 1
0x0750	0xDDF8      	RCALL       _atoi
0x0752	0xF086C000  	MOVFF       R0, FLOC__Valor_PWM
0x0756	0xF087C001  	MOVFF       R1, FLOC__Valor_PWM+1
0x075A	0xF000C084  	MOVFF       Valor_PWM_PWM_L0, R0
0x075E	0xF001C085  	MOVFF       Valor_PWM_PWM_L0+1, R1
0x0762	0x0E0A      	MOVLW       10
0x0764	0x6E04      	MOVWF       R4 
0x0766	0x0E00      	MOVLW       0
0x0768	0x6E05      	MOVWF       R5 
0x076A	0xDD17      	RCALL       _Mul_16X16_U
;Comunicacion_Micro.c,133 :: 		PWM=PWM*10+k;
0x076C	0x5186      	MOVF        FLOC__Valor_PWM, 0, 1
0x076E	0x2600      	ADDWF       R0, 1 
0x0770	0x5187      	MOVF        FLOC__Valor_PWM+1, 0, 1
0x0772	0x2201      	ADDWFC      R1, 1 
0x0774	0xF084C000  	MOVFF       R0, Valor_PWM_PWM_L0
0x0778	0xF085C001  	MOVFF       R1, Valor_PWM_PWM_L0+1
;Comunicacion_Micro.c,134 :: 		PWM1_Set_Duty(PWM);       //Declara Cliclo de trabajo a PWM
0x077C	0xF088C000  	MOVFF       R0, FARG_PWM1_Set_Duty_new_duty
0x0780	0xDE49      	RCALL       _PWM1_Set_Duty
;Comunicacion_Micro.c,135 :: 		j=0;
0x0782	0x0100      	MOVLB       0
0x0784	0x6B61      	CLRF        _j, 1
0x0786	0x6B62      	CLRF        _j+1, 1
;Comunicacion_Micro.c,136 :: 		}
L_end_Valor_PWM:
0x0788	0x0012      	RETURN      0
; end of _Valor_PWM
_UART1_Init:
;__Lib_UART_c67.c,15 :: 		
;__Lib_UART_c67.c,18 :: 		
0x078A	0x0EFA      	MOVLW       _UART1_Write
0x078C	0x0100      	MOVLB       0
0x078E	0x6F77      	MOVWF       _UART_Wr_Ptr, 1
0x0790	0x0E00      	MOVLW       hi_addr(_UART1_Write)
0x0792	0x6F78      	MOVWF       _UART_Wr_Ptr+1, 1
0x0794	0x0E92      	MOVLW       FARG_UART1_Write_data_
0x0796	0x6F79      	MOVWF       _UART_Wr_Ptr+2, 1
0x0798	0x0E00      	MOVLW       hi_addr(FARG_UART1_Write_data_)
0x079A	0x6F7A      	MOVWF       _UART_Wr_Ptr+3, 1
;__Lib_UART_c67.c,19 :: 		
0x079C	0x0E40      	MOVLW       _UART1_Read
0x079E	0x6F73      	MOVWF       _UART_Rd_Ptr, 1
0x07A0	0x0E05      	MOVLW       hi_addr(_UART1_Read)
0x07A2	0x6F74      	MOVWF       _UART_Rd_Ptr+1, 1
0x07A4	0x0E00      	MOVLW       0
0x07A6	0x6F75      	MOVWF       _UART_Rd_Ptr+2, 1
0x07A8	0x0E00      	MOVLW       0
0x07AA	0x6F76      	MOVWF       _UART_Rd_Ptr+3, 1
;__Lib_UART_c67.c,20 :: 		
0x07AC	0x0EFF      	MOVLW       _UART1_Data_Ready
0x07AE	0x6F7F      	MOVWF       _UART_Rdy_Ptr, 1
0x07B0	0x0EFF      	MOVLW       hi_addr(_UART1_Data_Ready)
0x07B2	0x6F80      	MOVWF       _UART_Rdy_Ptr+1, 1
0x07B4	0x0E00      	MOVLW       0
0x07B6	0x6F81      	MOVWF       _UART_Rdy_Ptr+2, 1
0x07B8	0x0E00      	MOVLW       0
0x07BA	0x6F82      	MOVWF       _UART_Rdy_Ptr+3, 1
;__Lib_UART_c67.c,21 :: 		
0x07BC	0x0EFF      	MOVLW       _UART1_Tx_Idle
0x07BE	0x6F7B      	MOVWF       _UART_Tx_Idle_Ptr, 1
0x07C0	0x0EFF      	MOVLW       hi_addr(_UART1_Tx_Idle)
0x07C2	0x6F7C      	MOVWF       _UART_Tx_Idle_Ptr+1, 1
0x07C4	0x0E00      	MOVLW       0
0x07C6	0x6F7D      	MOVWF       _UART_Tx_Idle_Ptr+2, 1
0x07C8	0x0E00      	MOVLW       0
0x07CA	0x6F7E      	MOVWF       _UART_Tx_Idle_Ptr+3, 1
;__Lib_UART_c67.c,23 :: 		
0x07CC	0x8AAC      	BSF         TXSTA, 5 
;__Lib_UART_c67.c,24 :: 		
0x07CE	0x0E90      	MOVLW       144
0x07D0	0x6EAB      	MOVWF       RCSTA 
;__Lib_UART_c67.c,25 :: 		
0x07D2	0x8E94      	BSF         TRISC7_bit, BitPos(TRISC7_bit+0) 
;__Lib_UART_c67.c,26 :: 		
0x07D4	0x9C94      	BCF         TRISC6_bit, BitPos(TRISC6_bit+0) 
;__Lib_UART_c67.c,28 :: 		
L_UART1_Init0:
0x07D6	0xAA9E      	BTFSS       PIR1, 5 
0x07D8	0xD003      	BRA         L_UART1_Init1
;__Lib_UART_c67.c,29 :: 		
0x07DA	0xF000CFAE  	MOVFF       RCREG, R0
0x07DE	0xD7FB      	BRA         L_UART1_Init0
L_UART1_Init1:
;__Lib_UART_c67.c,30 :: 		
L_end_UART1_Init:
0x07E0	0x0012      	RETURN      0
; end of _UART1_Init
_PWM1_Start:
;__Lib_PWM_c21.c,53 :: 		
;__Lib_PWM_c21.c,54 :: 		
0x07E2	0x9494      	BCF         TRISC2_bit, BitPos(TRISC2_bit+0) 
;__Lib_PWM_c21.c,55 :: 		
0x07E4	0x84CA      	BSF         T2CON, 2 
;__Lib_PWM_c21.c,56 :: 		
0x07E6	0x0E0C      	MOVLW       12
0x07E8	0x12BD      	IORWF       CCP1CON, 1 
;__Lib_PWM_c21.c,57 :: 		
L_end_PWM1_Start:
0x07EA	0x0012      	RETURN      0
; end of _PWM1_Start
_ON_OFF_Timer0:
;Comunicacion_Micro.c,111 :: 		void ON_OFF_Timer0(){                                                              //Recibe Comando Ra0 y activa/desactiva Timer0
;Comunicacion_Micro.c,112 :: 		if(T0CON.TMR0ON==1){
0x07EC	0xAED5      	BTFSS       T0CON, 7 
0x07EE	0xD002      	BRA         L_ON_OFF_Timer018
;Comunicacion_Micro.c,113 :: 		T0CON.TMR0ON=0;   //Apaga Timer0
0x07F0	0x9ED5      	BCF         T0CON, 7 
;Comunicacion_Micro.c,114 :: 		}
0x07F2	0xD001      	BRA         L_ON_OFF_Timer019
L_ON_OFF_Timer018:
;Comunicacion_Micro.c,116 :: 		T0CON.TMR0ON=1;   //Enciende Timer0
0x07F4	0x8ED5      	BSF         T0CON, 7 
;Comunicacion_Micro.c,117 :: 		}
L_ON_OFF_Timer019:
;Comunicacion_Micro.c,118 :: 		j=0;
0x07F6	0x0100      	MOVLB       0
0x07F8	0x6B61      	CLRF        _j, 1
0x07FA	0x6B62      	CLRF        _j+1, 1
;Comunicacion_Micro.c,119 :: 		}
L_end_ON_OFF_Timer0:
0x07FC	0x0012      	RETURN      0
; end of _ON_OFF_Timer0
_main:
0x07FE	0xF004EC7F  	CALL        2302, 0
;Comunicacion_Micro.c,164 :: 		void main() {
;Comunicacion_Micro.c,165 :: 		cport();                           //Configuracion de PIC y sus Puertos
0x0802	0xDE3E      	RCALL       _cport
;Comunicacion_Micro.c,166 :: 		CIntT0();                          //Configura Interrupcion por Timer0
0x0804	0xDE47      	RCALL       _CIntT0
;Comunicacion_Micro.c,167 :: 		ADC_Init();                        //Inicia ADC
0x0806	0xDE52      	RCALL       _ADC_Init
;Comunicacion_Micro.c,169 :: 		PWM1_Init(5000);                   //Incia PWM1 a Frecuencia de 5000Hz
0x0808	0x80CA      	BSF         T2CON, 0, 0
0x080A	0x92CA      	BCF         T2CON, 1, 0
0x080C	0x0E63      	MOVLW       99
0x080E	0x6ECB      	MOVWF       PR2, 0
0x0810	0xDEA8      	RCALL       _PWM1_Init
;Comunicacion_Micro.c,170 :: 		PWM1_Start();                      //Enciende PWM1
0x0812	0xDFE7      	RCALL       _PWM1_Start
;Comunicacion_Micro.c,171 :: 		PWM1_Set_Duty(0);                  //Declara Ciclo de Trabajo de PWM1 en 0
0x0814	0x6B88      	CLRF        FARG_PWM1_Set_Duty_new_duty, 1
0x0816	0xDDFE      	RCALL       _PWM1_Set_Duty
;Comunicacion_Micro.c,173 :: 		UART1_Init(9600);                  //Inicializa Puerto Serial a 9600Baudios
0x0818	0x86B8      	BSF         BAUDCON, 3, 0
0x081A	0x6AB0      	CLRF        SPBRGH 
0x081C	0x0ECF      	MOVLW       207
0x081E	0x6EAF      	MOVWF       SPBRG 
0x0820	0x84AC      	BSF         TXSTA, 2, 0
0x0822	0xDFB3      	RCALL       _UART1_Init
;Comunicacion_Micro.c,174 :: 		Delay_ms(50);
0x0824	0x0E82      	MOVLW       130
0x0826	0x6E0C      	MOVWF       R12, 0
0x0828	0x0EDD      	MOVLW       221
0x082A	0x6E0D      	MOVWF       R13, 0
L_main24:
0x082C	0x2E0D      	DECFSZ      R13, 1, 0
0x082E	0xD7FE      	BRA         L_main24
0x0830	0x2E0C      	DECFSZ      R12, 1, 0
0x0832	0xD7FC      	BRA         L_main24
0x0834	0x0000      	NOP
0x0836	0x0000      	NOP
;Comunicacion_Micro.c,176 :: 		GIE_bit=1;                         //Activa Interrupciones Globales
0x0838	0x8EF2      	BSF         GIE_bit, BitPos(GIE_bit+0) 
;Comunicacion_Micro.c,177 :: 		PEIE_bit=1;                        //Habilira Interrupciones Perifericas
0x083A	0x8CF2      	BSF         PEIE_bit, BitPos(PEIE_bit+0) 
;Comunicacion_Micro.c,178 :: 		RCIE_bit=1;                        //Activa Interrupcion por Puerto Serial
0x083C	0x8A9D      	BSF         RCIE_bit, BitPos(RCIE_bit+0) 
;Comunicacion_Micro.c,180 :: 		while(1){
L_main25:
;Comunicacion_Micro.c,181 :: 		if(Cadena[0]=='R' && Cadena[1]=='a' && Cadena[2]=='0' && j==1){
0x083E	0x5057      	MOVF        _Cadena, 0 
0x0840	0x0A52      	XORLW       82
0x0842	0xE10E      	BNZ         L_main29
0x0844	0x5058      	MOVF        _Cadena+1, 0 
0x0846	0x0A61      	XORLW       97
0x0848	0xE10B      	BNZ         L_main29
0x084A	0x5059      	MOVF        _Cadena+2, 0 
0x084C	0x0A30      	XORLW       48
0x084E	0xE108      	BNZ         L_main29
0x0850	0x0E00      	MOVLW       0
0x0852	0x1962      	XORWF       _j+1, 0, 1
0x0854	0xE102      	BNZ         L__main53
0x0856	0x0E01      	MOVLW       1
0x0858	0x1961      	XORWF       _j, 0, 1
L__main53:
0x085A	0xE102      	BNZ         L_main29
L__main42:
;Comunicacion_Micro.c,182 :: 		ON_OFF_Timer0();
0x085C	0xDFC7      	RCALL       _ON_OFF_Timer0
;Comunicacion_Micro.c,183 :: 		}
0x085E	0xD021      	BRA         L_main30
L_main29:
;Comunicacion_Micro.c,184 :: 		else if(Cadena[0]=='b' && Cadena[1]=='y' && Cadena[2]=='t' && j==1){
0x0860	0x5057      	MOVF        _Cadena, 0 
0x0862	0x0A62      	XORLW       98
0x0864	0xE10E      	BNZ         L_main33
0x0866	0x5058      	MOVF        _Cadena+1, 0 
0x0868	0x0A79      	XORLW       121
0x086A	0xE10B      	BNZ         L_main33
0x086C	0x5059      	MOVF        _Cadena+2, 0 
0x086E	0x0A74      	XORLW       116
0x0870	0xE108      	BNZ         L_main33
0x0872	0x0E00      	MOVLW       0
0x0874	0x1962      	XORWF       _j+1, 0, 1
0x0876	0xE102      	BNZ         L__main54
0x0878	0x0E01      	MOVLW       1
0x087A	0x1961      	XORWF       _j, 0, 1
L__main54:
0x087C	0xE102      	BNZ         L_main33
L__main41:
;Comunicacion_Micro.c,185 :: 		Estado_LEDs();
0x087E	0xDE75      	RCALL       _Estado_LEDs
;Comunicacion_Micro.c,186 :: 		}
0x0880	0xD010      	BRA         L_main34
L_main33:
;Comunicacion_Micro.c,187 :: 		else if(Cadena[0]=='P' && Cadena[1]=='W' && Cadena[2]=='M' && j==1){
0x0882	0x5057      	MOVF        _Cadena, 0 
0x0884	0x0A50      	XORLW       80
0x0886	0xE10D      	BNZ         L_main37
0x0888	0x5058      	MOVF        _Cadena+1, 0 
0x088A	0x0A57      	XORLW       87
0x088C	0xE10A      	BNZ         L_main37
0x088E	0x5059      	MOVF        _Cadena+2, 0 
0x0890	0x0A4D      	XORLW       77
0x0892	0xE107      	BNZ         L_main37
0x0894	0x0E00      	MOVLW       0
0x0896	0x1962      	XORWF       _j+1, 0, 1
0x0898	0xE102      	BNZ         L__main55
0x089A	0x0E01      	MOVLW       1
0x089C	0x1961      	XORWF       _j, 0, 1
L__main55:
0x089E	0xE101      	BNZ         L_main37
L__main40:
;Comunicacion_Micro.c,188 :: 		Valor_PWM();
0x08A0	0xDF2B      	RCALL       _Valor_PWM
;Comunicacion_Micro.c,189 :: 		}
L_main37:
L_main34:
L_main30:
;Comunicacion_Micro.c,190 :: 		if(Timer==1){
0x08A2	0x504F      	MOVF        _Timer, 0 
0x08A4	0x0A01      	XORLW       1
0x08A6	0xE101      	BNZ         L_main38
;Comunicacion_Micro.c,191 :: 		Datos_ADC();
0x08A8	0xDF09      	RCALL       _Datos_ADC
;Comunicacion_Micro.c,192 :: 		}
L_main38:
;Comunicacion_Micro.c,193 :: 		}
0x08AA	0xD7C9      	BRA         L_main25
;Comunicacion_Micro.c,194 :: 		}
L_end_main:
0x08AC	0xD7FF      	BRA         $+0
; end of _main
0x08FE	0xF01BEE10  	LFSR        1, 27
0x0902	0x0E4F      	MOVLW       79
0x0904	0x6E00      	MOVWF       R0 
0x0906	0x0E01      	MOVLW       1
0x0908	0x6E01      	MOVWF       R1 
0x090A	0x0EAE      	MOVLW       174
0x090C	0x6EF6      	MOVWF       4086 
0x090E	0x0E08      	MOVLW       8
0x0910	0x6EF7      	MOVWF       TBLPTRH 
0x0912	0x0E00      	MOVLW       0
0x0914	0x6EF8      	MOVWF       TBLPTRU 
0x0916	0xF002ECA9  	CALL        1362, 0
0x091A	0x0012      	RETURN      0
;Comunicacion_Micro.c,0 :: ?ICS?lstr8_Comunicacion_Micro
0x08AE	0x622B ;?ICS?lstr8_Comunicacion_Micro+0
0x08B0	0x3D35 ;?ICS?lstr8_Comunicacion_Micro+2
0x08B2	0x00 ;?ICS?lstr8_Comunicacion_Micro+4
; end of ?ICS?lstr8_Comunicacion_Micro
;Comunicacion_Micro.c,0 :: ?ICS?lstr7_Comunicacion_Micro
0x08B3	0x622B ;?ICS?lstr7_Comunicacion_Micro+0
0x08B5	0x3D34 ;?ICS?lstr7_Comunicacion_Micro+2
0x08B7	0x00 ;?ICS?lstr7_Comunicacion_Micro+4
; end of ?ICS?lstr7_Comunicacion_Micro
;Comunicacion_Micro.c,0 :: ?ICS?lstr10_Comunicacion_Micro
0x08B8	0x622B ;?ICS?lstr10_Comunicacion_Micro+0
0x08BA	0x3D37 ;?ICS?lstr10_Comunicacion_Micro+2
0x08BC	0x00 ;?ICS?lstr10_Comunicacion_Micro+4
; end of ?ICS?lstr10_Comunicacion_Micro
;Comunicacion_Micro.c,0 :: ?ICS?lstr9_Comunicacion_Micro
0x08BD	0x622B ;?ICS?lstr9_Comunicacion_Micro+0
0x08BF	0x3D36 ;?ICS?lstr9_Comunicacion_Micro+2
0x08C1	0x00 ;?ICS?lstr9_Comunicacion_Micro+4
; end of ?ICS?lstr9_Comunicacion_Micro
;Comunicacion_Micro.c,0 :: ?ICS?lstr6_Comunicacion_Micro
0x08C2	0x622B ;?ICS?lstr6_Comunicacion_Micro+0
0x08C4	0x3D33 ;?ICS?lstr6_Comunicacion_Micro+2
0x08C6	0x00 ;?ICS?lstr6_Comunicacion_Micro+4
; end of ?ICS?lstr6_Comunicacion_Micro
;Comunicacion_Micro.c,0 :: ?ICS?lstr3_Comunicacion_Micro
0x08C7	0x7962 ;?ICS?lstr3_Comunicacion_Micro+0
0x08C9	0x6574 ;?ICS?lstr3_Comunicacion_Micro+2
0x08CB	0x6E45 ;?ICS?lstr3_Comunicacion_Micro+4
0x08CD	0x2B74 ;?ICS?lstr3_Comunicacion_Micro+6
0x08CF	0x3062 ;?ICS?lstr3_Comunicacion_Micro+8
0x08D1	0x003D ;?ICS?lstr3_Comunicacion_Micro+10
; end of ?ICS?lstr3_Comunicacion_Micro
;Comunicacion_Micro.c,0 :: ?ICS?lstr5_Comunicacion_Micro
0x08D3	0x622B ;?ICS?lstr5_Comunicacion_Micro+0
0x08D5	0x3D32 ;?ICS?lstr5_Comunicacion_Micro+2
0x08D7	0x00 ;?ICS?lstr5_Comunicacion_Micro+4
; end of ?ICS?lstr5_Comunicacion_Micro
;Comunicacion_Micro.c,0 :: ?ICS?lstr4_Comunicacion_Micro
0x08D8	0x622B ;?ICS?lstr4_Comunicacion_Micro+0
0x08DA	0x3D31 ;?ICS?lstr4_Comunicacion_Micro+2
0x08DC	0x00 ;?ICS?lstr4_Comunicacion_Micro+4
; end of ?ICS?lstr4_Comunicacion_Micro
;Comunicacion_Micro.c,0 :: ?ICS?lstr11_Comunicacion_Micro
0x08DD	0x462B ;?ICS?lstr11_Comunicacion_Micro+0
0x08DF	0x6E69 ;?ICS?lstr11_Comunicacion_Micro+2
0x08E1	0x00 ;?ICS?lstr11_Comunicacion_Micro+4
; end of ?ICS?lstr11_Comunicacion_Micro
;Comunicacion_Micro.c,0 :: ?ICS_Timer
0x08E2	0x00 ;?ICS_Timer+0
; end of ?ICS_Timer
;__Lib_ADC_A_D.c,0 :: ?ICS_vref_mask
0x08E3	0x30 ;?ICS_vref_mask+0
; end of ?ICS_vref_mask
;Comunicacion_Micro.c,0 :: ?ICS_CT0
0x08E4	0x02 ;?ICS_CT0+0
; end of ?ICS_CT0
;Comunicacion_Micro.c,0 :: ?ICS?lstr2_Comunicacion_Micro
0x08E5	0x462B ;?ICS?lstr2_Comunicacion_Micro+0
0x08E7	0x6E69 ;?ICS?lstr2_Comunicacion_Micro+2
0x08E9	0x00 ;?ICS?lstr2_Comunicacion_Micro+4
; end of ?ICS?lstr2_Comunicacion_Micro
;Comunicacion_Micro.c,0 :: ?ICS_Cadena
0x08EA	0x7962 ;?ICS_Cadena+0
0x08EC	0x0074 ;?ICS_Cadena+2
0x08EE	0x0000 ;?ICS_Cadena+4
0x08F0	0x0000 ;?ICS_Cadena+6
0x08F2	0x0000 ;?ICS_Cadena+8
; end of ?ICS_Cadena
;Comunicacion_Micro.c,0 :: ?ICS_j
0x08F4	0x0001 ;?ICS_j+0
; end of ?ICS_j
;Comunicacion_Micro.c,0 :: ?ICS?lstr1_Comunicacion_Micro
0x08F6	0x6152 ;?ICS?lstr1_Comunicacion_Micro+0
0x08F8	0x2B30 ;?ICS?lstr1_Comunicacion_Micro+2
0x08FA	0x00 ;?ICS?lstr1_Comunicacion_Micro+4
; end of ?ICS?lstr1_Comunicacion_Micro
;Comunicacion_Micro.c,0 :: ?ICS_i
0x08FB	0x0000 ;?ICS_i+0
; end of ?ICS_i
Symbol List:
//** Routines locations **
//ADDRESS    SIZE    PROCEDURE
//----------------------------------------------
0x0008     [164]    _interrupt
0x00AC      [54]    _Div_16X16_U
0x00E2      [24]    _isdigit
0x00FA      [14]    _UART1_Write
0x0108     [146]    _WordToStr
0x019A      [80]    _Mul_16X16_U
0x01EA      [12]    _Delay_22us
0x01F6      [62]    _ADC_Read
0x0234     [218]    _IntToStr
0x030E      [52]    _UART1_Write_Text
0x0342     [210]    _atoi
0x0414     [108]    _PWM1_Set_Duty
0x0480      [20]    _cport
0x0494      [24]    _CIntT0
0x04AC      [38]    _ADC_Init
0x04D2     [110]    _LEDs
0x0540      [18]    _UART1_Read
0x0552      [16]    ___CC2DW
0x0562       [8]    _PWM1_Init
0x056A     [338]    _Estado_LEDs
0x06BC      [60]    _Datos_ADC
0x06F8     [146]    _Valor_PWM
0x078A      [88]    _UART1_Init
0x07E2      [10]    _PWM1_Start
0x07EC      [18]    _ON_OFF_Timer0
0x07FE     [176]    _main
//** Variables locations ** 
//ADDRESS    SIZE    VARIABLE
//----------------------------------------------
0x0000       [1]    SPI1_Write_tmp_L0
0x0000       [1]    EEPROM_Write_SaveINTCON_L0
0x0000       [1]    FLASH_Erase_64_SaveINTCON_L0
0x0000       [1]    __Lib_SoftI2C_PutZerosToLATScl_temp_scl_L0
0x0000       [1]    R0
0x0000       [1]    __Lib_SoftI2C_PutZerosToLATSda_temp_sda_L0
0x0000       [1]    UART1_Init_tmp_L0
0x0001       [1]    FLASH_Write_32_i_L0
0x0001       [1]    FLASH_Erase_Write_64_i_L0
0x0001       [1]    __Lib_TFT_JPEG_FileReadBytes_Result_L0
0x0001       [1]    __Lib_TFT_JPEG_FileRead_i_L0
0x0001       [1]    UART1_Read___tmp_UART1_Read_L0
0x0001       [1]    __Lib_PS2_Wait_Falling_nsample_L0
0x0001       [1]    __Lib_USB_genHID_?FLOC____Lib_USB_genHID_USB_Handle_BusyT1
0x0001       [1]    R1
0x0001       [2]    FLASH_Read_N_Bytes_i_L0
0x0001       [1]    ispunct_rslt_L0
0x0002       [1]    __Lib_USB_genHID_USB_CtrlTrf_Rx_Service_byteToRead_L0
0x0002       [1]    FLASH_Erase_Write_64_j_L0
0x0002       [1]    FLASH_Write_32_SaveINTCON_L0
0x0002       [2]    strlen_cp_L0
0x0002       [2]    memset_pp_L0
0x0002       [2]    memchr_s_L0
0x0002       [1]    R2
0x0002       [2]    memcpy_dd_L0
0x0003       [2]    MM_TotalFreeMemSize_Tot_L0
0x0003       [2]    Ltrim_original_L0
0x0003       [1]    FLASH_Erase_Write_64_SaveINTCON_L0
0x0003       [2]    __Lib_MmcFat16_f16_toInt_l_L0
0x0003       [1]    MM_Init_i_L0
0x0003       [1]    __Lib_Sprinti_?FLOC____Lib_Sprinti_Do_FillT29
0x0003       [1]    R3
0x0003       [2]    memmove_tt_L0
0x0003       [2]    __Lib_USB_genHID_USB_CtrlTrf_Tx_Service_byteToSend_L0
0x0003       [1]    __Lib_USB_genHID_USB_CtrlTrf_Rx_Service_i_L0
0x0004       [1]    R4
0x0004       [2]    __Lib_USB_genHID_USB_Get_Status_Handler_p_L2
0x0004       [2]    strncat_cp_L0
0x0004       [2]    __Lib_MemManager_MM_GetMemAlign_P_L0
0x0004       [2]    __Lib_USB_genHID_USB_Std_Feature_Req_Handler_p_L0
0x0004       [1]    __Lib_USB_genHID_GetMaxIndexInDevDsc_index_L0
0x0004       [2]    frexp_pom_L0
0x0004       [2]    memcpy_ss_L0
0x0004       [2]    strncpy_cp_L0
0x0004       [2]    strcpy_cp_L0
0x0004       [1]    __Lib_Sprinti_?FLOC____Lib_Sprinti_Do_FillT40
0x0004       [2]    __Lib_USB_genHID_USB_Transfer_Packet_handle_L0
0x0004       [2]    strcat_cp_L0
0x0005       [2]    LongIntToHex_input_half_L0
0x0005       [1]    __Lib_Sprinti_?FLOC____Lib_Sprinti_Do_FillT54
0x0005       [2]    LongWordToHex_input_half_L0
0x0005       [2]    Ltrim_p_L0
0x0005       [2]    memmove_ff_L0
0x0005       [1]    MM_TotalFreeMemSize_i_L0
0x0005       [1]    R5
0x0006       [1]    __Lib_Sprinti_?FLOC____Lib_Sprinti_Do_FillT69
0x0006       [2]    __Lib_USB_genHID_GetMaxIndexInConfigDsc_totalLen_L0
0x0006       [1]    R6
0x0006       [1]    __Lib_MemManager_MM_GetMemAlign_i_L0
0x0007       [1]    R7
0x0007       [1]    __Lib_TFT_JPEG_GenerateHuffmanTables_bLength_L0
0x0008       [1]    R8
0x0008       [3]    __Lib_USB_genHID_GetMaxIndexInConfigDsc_ptr_L0
0x0008       [1]    __Lib_TFT_JPEG_GenerateHuffmanTables_bTable_L0
0x0009       [1]    R9
0x0009       [4]    __Lib_MmcFat16_f16_toLong_l_L0
0x000A       [1]    R10
0x000B       [1]    R11
0x000C       [1]    R12
0x000D       [1]    R13
0x000E       [1]    R14
0x000F       [1]    R15
0x0010       [1]    R16
0x0011       [1]    R17
0x0012       [1]    R18
0x0013       [1]    R19
0x0014       [1]    R20
0x001B       [5]    ?lstr8_Comunicacion_Micro
0x0020       [5]    ?lstr7_Comunicacion_Micro
0x0025       [5]    ?lstr10_Comunicacion_Micro
0x002A       [5]    ?lstr9_Comunicacion_Micro
0x002F       [5]    ?lstr6_Comunicacion_Micro
0x0034      [12]    ?lstr3_Comunicacion_Micro
0x0040       [5]    ?lstr5_Comunicacion_Micro
0x0045       [5]    ?lstr4_Comunicacion_Micro
0x004A       [5]    ?lstr11_Comunicacion_Micro
0x004F       [1]    _Timer
0x0050       [1]    _vref_mask
0x0051       [1]    _CT0
0x0052       [5]    ?lstr2_Comunicacion_Micro
0x0057      [10]    _Cadena
0x0061       [2]    _j
0x0063       [5]    ?lstr1_Comunicacion_Micro
0x0068       [2]    _i
0x006A       [1]    _x
0x006B       [4]    _ADC_Get_Sample_Ptr
0x006F       [4]    _Analog
0x0073       [4]    _UART_Rd_Ptr
0x0077       [4]    _UART_Wr_Ptr
0x007B       [4]    _UART_Tx_Idle_Ptr
0x007F       [4]    _UART_Rdy_Ptr
0x0083       [1]    Valor_PWM_x_L0
0x0083       [4]    FARG_PWM1_Init_PWM_Freq
0x0084       [2]    Valor_PWM_PWM_L0
0x0086       [2]    FLOC__Valor_PWM
0x0088       [1]    FARG_PWM1_Set_Duty_new_duty
0x0088       [2]    FARG_UART1_Write_Text_uart_text
0x0088       [1]    FARG_ADC_Read_channel
0x0088       [2]    FARG_atoi_s
0x0088       [2]    FARG_IntToStr_input
0x008A       [2]    FARG_IntToStr_output
0x008A       [2]    atoi_c_L0
0x008A       [1]    UART1_Write_Text_data__L0
0x008B       [1]    UART1_Write_Text_counter_L0
0x008C       [2]    IntToStr_i_L0
0x008C       [2]    atoi_a_L0
0x008E       [2]    IntToStr_negative_L0
0x008E       [2]    atoi_sign_L0
0x0090       [2]    IntToStr_inword_L0
0x0092       [1]    FARG_UART1_Write_data_
0x0092       [2]    FARG_WordToStr_input
0x0092       [1]    FARG_isdigit_character
0x0094       [2]    FARG_WordToStr_output
0x0096       [1]    WordToStr_len_L0
0x0097       [2]    FLOC__WordToStr
0x0099       [2]    FLOC__interrupt
0x0F81       [1]    PORTB
0x0F8A       [1]    LATB
0x0F93       [1]    TRISB
0x0F94       [0]    TRISC7_bit
0x0F94       [0]    TRISC6_bit
0x0F94       [0]    TRISC2_bit
0x0F9D       [0]    RCIE_bit
0x0F9E       [0]    RCIF_bit
0x0F9E       [1]    PIR1
0x0FAB       [1]    RCSTA
0x0FAC       [1]    TXSTA
0x0FAD       [1]    TXREG
0x0FAE       [1]    RCREG
0x0FAF       [1]    SPBRG
0x0FB0       [1]    SPBRGH
0x0FB4       [1]    CMCON
0x0FB8       [1]    BAUDCON
0x0FBD       [1]    CCP1CON
0x0FBE       [1]    CCPR1L
0x0FC0       [1]    ADCON2
0x0FC1       [1]    ADCON1
0x0FC2       [1]    ADCON0
0x0FC3       [1]    ADRESL
0x0FC4       [1]    ADRESH
0x0FCA       [1]    T2CON
0x0FCB       [1]    PR2
0x0FD3       [1]    OSCCON
0x0FD5       [1]    T0CON
0x0FD6       [1]    TMR0L
0x0FD7       [1]    TMR0H
0x0FD8       [1]    STATUS
0x0FD9       [1]    FSR2L
0x0FDA       [1]    FSR2H
0x0FDE       [1]    POSTINC2
0x0FE0       [1]    BSR
0x0FE1       [1]    FSR1L
0x0FE2       [1]    FSR1H
0x0FE4       [1]    PREINC1
0x0FE6       [1]    POSTINC1
0x0FE7       [1]    INDF1
0x0FE8       [1]    WREG
0x0FE9       [1]    FSR0L
0x0FEA       [1]    FSR0H
0x0FEE       [1]    POSTINC0
0x0FF1       [1]    INTCON2
0x0FF2       [0]    PEIE_bit
0x0FF2       [0]    GIE_bit
0x0FF2       [1]    INTCON
0x0FF3       [1]    PRODL
0x0FF4       [1]    PRODH
0x0FF5       [1]    TABLAT
0x0FF6       [1]    TBLPTRL
0x0FF7       [1]    TBLPTRH
0x0FF8       [1]    TBLPTRU
//** Constants locations ** 
//ADDRESS    SIZE    CONSTANT
//----------------------------------------------
0x08AE       [5]    ?ICS?lstr8_Comunicacion_Micro
0x08B3       [5]    ?ICS?lstr7_Comunicacion_Micro
0x08B8       [5]    ?ICS?lstr10_Comunicacion_Micro
0x08BD       [5]    ?ICS?lstr9_Comunicacion_Micro
0x08C2       [5]    ?ICS?lstr6_Comunicacion_Micro
0x08C7      [12]    ?ICS?lstr3_Comunicacion_Micro
0x08D3       [5]    ?ICS?lstr5_Comunicacion_Micro
0x08D8       [5]    ?ICS?lstr4_Comunicacion_Micro
0x08DD       [5]    ?ICS?lstr11_Comunicacion_Micro
0x08E2       [1]    ?ICS_Timer
0x08E3       [1]    ?ICS_vref_mask
0x08E4       [1]    ?ICS_CT0
0x08E5       [5]    ?ICS?lstr2_Comunicacion_Micro
0x08EA      [10]    ?ICS_Cadena
0x08F4       [2]    ?ICS_j
0x08F6       [5]    ?ICS?lstr1_Comunicacion_Micro
0x08FB       [2]    ?ICS_i
